[2024-03-18 21:37:00][SGP_InitDevice 17] SGP_InitDevice out  
[2024-03-18 21:37:19][SGP_Login 35] SGP_Login in  
[2024-03-18 21:37:19][start 967] SGP_Login WsClient start   80  
[2024-03-18 21:37:19][threadHandleControl 1187] threadHandleControl login start  
[2024-03-18 21:37:19][login 670] send login  
[2024-03-18 21:37:19][processControl 1229] processControl start  
[2024-03-18 21:38:00][SGP_InitDevice 17] SGP_InitDevice out  
[2024-03-18 21:38:18][SGP_Login 35] SGP_Login in  
[2024-03-18 21:38:18][start 967] SGP_Login WsClient start   80  
[2024-03-18 21:38:18][threadHandleControl 1187] threadHandleControl login start  
[2024-03-18 21:38:18][login 670] send login  
[2024-03-18 21:38:18][processControl 1229] processControl start  
[2024-03-18 21:38:18][recv_message 149] login success retcode =  0  , token =  df39dffc1e2e11b290b45e970dda66f2  
[2024-03-18 21:38:18][SGP_Login 43] SGP_Login out  
[2024-03-18 21:38:18][processHeartbeat 373] processHeartbeat start  
[2024-03-18 21:38:18][SGP_GetGeneralInfo 64] SGP_GetGeneralInfo in  
[2024-03-18 21:38:18][SGP_GetGeneralInfo 72] SGP_GetGeneralInfo out  
[2024-03-18 21:38:18][SGP_OpenIrVideo 92] SGP_OpenIrVideo in  
[2024-03-18 21:38:18][SGP_OpenIrVideo 100] SGP_OpenIrVideo out  
[2024-03-18 21:38:22][loadItaConf 171] IptTempMeasureITA loadItaConf in  
[2024-03-18 21:38:22][loadCurveDatas 180] IptTempMeasureITA loadCurveDatas in  
[2024-03-18 21:38:22][registerITA 270] IptTempMeasureITA registerITA in  
[2024-03-18 21:38:22][readConfig 25] IptTempMeasureITA readConfig in  
[2024-03-18 21:38:22][getItaConf 334] IptTempMeasureITA getItaConf in m_pItaConfDataLength  108  
[2024-03-18 21:38:22][readPackageData 6] IptTempMeasureITA readPackageData in  0  512  
[2024-03-18 21:38:22][readPackageData 6] IptTempMeasureITA readPackageData in  1616  14  
[2024-03-18 21:38:22][readPackageData 6] IptTempMeasureITA readPackageData in  1630  18400  
[2024-03-18 21:38:22][getY16 6099] m_measureManager->startMeausre  
[2024-03-18 21:38:22][startRequestY16 1018] startRequestY16() in  
[2024-03-18 21:38:22][getParamLine 1118] ws is waiting for paraline  
[2024-03-18 21:38:22][initWsY16 777] initWsY16() in  
[2024-03-18 21:38:22][initWsY16 789] initWsY16() successfully and out  
[2024-03-18 21:38:22][startGetY16 711] startGetY16() in  
[2024-03-18 21:38:22][startGetY16 743] startGetY16() out  
[2024-03-18 21:38:22][processY16 464] processY16 start  
[2024-03-18 21:38:22][getParamLine 1118] ws is waiting for paraline  
[2024-03-18 21:38:22][getParamLine 1118] ws is waiting for paraline  
[2024-03-18 21:38:22][getParamLine 1118] ws is waiting for paraline  
[2024-03-18 21:38:22][getParamLine 1118] ws is waiting for paraline  
[2024-03-18 21:38:22][getParamLine 1118] ws is waiting for paraline  
[2024-03-18 21:38:23][getParamLine 1118] ws is waiting for paraline  
[2024-03-18 21:38:23][getParamLine 1118] ws is waiting for paraline  
[2024-03-18 21:38:23][getParamLine 1118] ws is waiting for paraline  
[2024-03-18 21:38:23][getParamLine 1118] ws is waiting for paraline  
[2024-03-18 21:38:23][getParamLine 1118] ws is waiting for paraline  
[2024-03-18 21:38:23][getParamLine 1118] ws is waiting for paraline  
[2024-03-18 21:38:23][getParamLine 1118] ws is waiting for paraline  
[2024-03-18 21:38:23][getParamLine 1118] ws is waiting for paraline  
[2024-03-18 21:38:23][getParamLine 1118] ws is waiting for paraline  
[2024-03-18 21:38:23][getParamLine 1118] ws is waiting for paraline  
[2024-03-18 21:38:24][getParamLine 1118] ws is waiting for paraline  
[2024-03-18 21:38:24][readPackageData 6] IptTempMeasureITA readPackageData in  29230  18400  
[2024-03-18 21:38:25][parsePramaLine 916] parsePramaLine shutter now  
[2024-03-18 21:38:25][parsePramaLine 916] parsePramaLine shutter now  
[2024-03-18 21:38:25][parsePramaLine 916] parsePramaLine shutter now  
[2024-03-18 21:38:25][parsePramaLine 916] parsePramaLine shutter now  
[2024-03-18 21:38:25][parsePramaLine 916] parsePramaLine shutter now  
[2024-03-18 21:38:25][parsePramaLine 916] parsePramaLine shutter now  
[2024-03-18 21:38:25][parsePramaLine 916] parsePramaLine shutter now  
[2024-03-18 21:38:25][parsePramaLine 916] parsePramaLine shutter now  
[2024-03-18 21:38:25][parsePramaLine 916] parsePramaLine shutter now  
[2024-03-18 21:38:25][parsePramaLine 916] parsePramaLine shutter now  
[2024-03-18 21:38:25][parsePramaLine 916] parsePramaLine shutter now  
[2024-03-18 21:38:25][parsePramaLine 916] parsePramaLine shutter now  
[2024-03-18 21:38:25][parsePramaLine 916] parsePramaLine shutter now  
[2024-03-18 21:38:25][parsePramaLine 916] parsePramaLine shutter now  
[2024-03-18 21:38:25][parsePramaLine 916] parsePramaLine shutter now  
[2024-03-18 21:38:25][parsePramaLine 916] parsePramaLine shutter now  
[2024-03-18 21:38:25][parsePramaLine 916] parsePramaLine shutter now  
[2024-03-18 21:38:25][parsePramaLine 916] parsePramaLine shutter now  
[2024-03-18 21:38:25][parsePramaLine 916] parsePramaLine shutter now  
[2024-03-18 21:38:25][parsePramaLine 916] parsePramaLine shutter now  
[2024-03-18 21:38:25][parsePramaLine 916] parsePramaLine shutter now  
[2024-03-18 21:38:25][parsePramaLine 916] parsePramaLine shutter now  
[2024-03-18 21:38:26][parsePramaLine 916] parsePramaLine shutter now  
[2024-03-18 21:38:26][parsePramaLine 916] parsePramaLine shutter now  
[2024-03-18 21:38:26][parsePramaLine 916] parsePramaLine shutter now  
[2024-03-18 21:38:26][parsePramaLine 916] parsePramaLine shutter now  
[2024-03-18 21:38:26][parsePramaLine 916] parsePramaLine shutter now  
[2024-03-18 21:38:26][parsePramaLine 916] parsePramaLine shutter now  
[2024-03-18 21:38:26][parsePramaLine 916] parsePramaLine shutter now  
[2024-03-18 21:38:26][parsePramaLine 916] parsePramaLine shutter now  
[2024-03-18 21:38:26][parsePramaLine 916] parsePramaLine shutter now  
[2024-03-18 21:38:26][parsePramaLine 916] parsePramaLine shutter now  
[2024-03-18 21:38:28][parsePramaLine 916] parsePramaLine shutter now  
[2024-03-18 21:38:28][parsePramaLine 916] parsePramaLine shutter now  
[2024-03-18 21:38:28][parsePramaLine 916] parsePramaLine shutter now  
[2024-03-18 21:38:28][parsePramaLine 916] parsePramaLine shutter now  
[2024-03-18 21:38:28][parsePramaLine 916] parsePramaLine shutter now  
[2024-03-18 21:38:28][parsePramaLine 916] parsePramaLine shutter now  
[2024-03-18 21:38:28][parsePramaLine 916] parsePramaLine shutter now  
[2024-03-18 21:38:28][parsePramaLine 916] parsePramaLine shutter now  
[2024-03-18 21:38:28][parsePramaLine 916] parsePramaLine shutter now  
[2024-03-18 21:38:28][parsePramaLine 916] parsePramaLine shutter now  
[2024-03-18 21:38:28][parsePramaLine 916] parsePramaLine shutter now  
[2024-03-18 21:38:28][parsePramaLine 916] parsePramaLine shutter now  
[2024-03-18 21:38:28][parsePramaLine 916] parsePramaLine shutter now  
[2024-03-18 21:38:28][parsePramaLine 916] parsePramaLine shutter now  
[2024-03-18 21:38:28][parsePramaLine 916] parsePramaLine shutter now  
[2024-03-18 21:38:28][parsePramaLine 916] parsePramaLine shutter now  
[2024-03-18 21:38:28][parsePramaLine 916] parsePramaLine shutter now  
[2024-03-18 21:38:28][parsePramaLine 916] parsePramaLine shutter now  
[2024-03-18 21:38:28][parsePramaLine 916] parsePramaLine shutter now  
[2024-03-18 21:38:28][parsePramaLine 916] parsePramaLine shutter now  
[2024-03-18 21:38:28][parsePramaLine 916] parsePramaLine shutter now  
[2024-03-18 21:38:28][parsePramaLine 916] parsePramaLine shutter now  
[2024-03-18 21:38:28][parsePramaLine 916] parsePramaLine shutter now  
[2024-03-18 21:38:28][parsePramaLine 916] parsePramaLine shutter now  
[2024-03-18 21:38:28][parsePramaLine 916] parsePramaLine shutter now  
[2024-03-18 21:38:28][parsePramaLine 916] parsePramaLine shutter now  
[2024-03-18 21:38:28][parsePramaLine 916] parsePramaLine shutter now  
[2024-03-18 21:38:28][parsePramaLine 916] parsePramaLine shutter now  
[2024-03-18 21:38:28][parsePramaLine 916] parsePramaLine shutter now  
[2024-03-18 21:38:28][parsePramaLine 916] parsePramaLine shutter now  
[2024-03-18 21:38:28][parsePramaLine 916] parsePramaLine shutter now  
[2024-03-18 21:38:28][parsePramaLine 916] parsePramaLine shutter now  
[2024-03-18 21:38:28][parsePramaLine 916] parsePramaLine shutter now  
[2024-03-18 21:38:28][parsePramaLine 916] parsePramaLine shutter now  
[2024-03-18 21:38:30][parsePramaLine 916] parsePramaLine shutter now  
[2024-03-18 21:38:30][parsePramaLine 916] parsePramaLine shutter now  
[2024-03-18 21:38:30][parsePramaLine 916] parsePramaLine shutter now  
[2024-03-18 21:38:30][parsePramaLine 916] parsePramaLine shutter now  
[2024-03-18 21:38:30][parsePramaLine 916] parsePramaLine shutter now  
[2024-03-18 21:38:30][parsePramaLine 916] parsePramaLine shutter now  
[2024-03-18 21:38:30][parsePramaLine 916] parsePramaLine shutter now  
[2024-03-18 21:38:30][parsePramaLine 916] parsePramaLine shutter now  
[2024-03-18 21:38:30][parsePramaLine 916] parsePramaLine shutter now  
[2024-03-18 21:38:30][parsePramaLine 916] parsePramaLine shutter now  
[2024-03-18 21:38:30][parsePramaLine 916] parsePramaLine shutter now  
[2024-03-18 21:38:30][parsePramaLine 916] parsePramaLine shutter now  
[2024-03-18 21:38:30][parsePramaLine 916] parsePramaLine shutter now  
[2024-03-18 21:38:30][parsePramaLine 916] parsePramaLine shutter now  
[2024-03-18 21:38:30][parsePramaLine 916] parsePramaLine shutter now  
[2024-03-18 21:38:30][parsePramaLine 916] parsePramaLine shutter now  
[2024-03-18 21:38:30][parsePramaLine 916] parsePramaLine shutter now  
[2024-03-18 21:38:30][parsePramaLine 916] parsePramaLine shutter now  
[2024-03-18 21:38:30][parsePramaLine 916] parsePramaLine shutter now  
[2024-03-18 21:38:30][parsePramaLine 916] parsePramaLine shutter now  
[2024-03-18 21:38:30][parsePramaLine 916] parsePramaLine shutter now  
[2024-03-18 21:38:30][parsePramaLine 916] parsePramaLine shutter now  
[2024-03-18 21:38:30][parsePramaLine 916] parsePramaLine shutter now  
[2024-03-18 21:38:30][parsePramaLine 916] parsePramaLine shutter now  
[2024-03-18 21:38:30][parsePramaLine 916] parsePramaLine shutter now  
[2024-03-18 21:38:30][parsePramaLine 916] parsePramaLine shutter now  
[2024-03-18 21:38:30][parsePramaLine 916] parsePramaLine shutter now  
[2024-03-18 21:38:30][parsePramaLine 916] parsePramaLine shutter now  
[2024-03-18 21:38:30][parsePramaLine 916] parsePramaLine shutter now  
[2024-03-18 21:38:30][parsePramaLine 916] parsePramaLine shutter now  
[2024-03-18 21:38:30][parsePramaLine 916] parsePramaLine shutter now  
[2024-03-18 21:38:30][parsePramaLine 916] parsePramaLine shutter now  
[2024-03-18 21:38:30][parsePramaLine 916] parsePramaLine shutter now  
[2024-03-18 21:38:32][parsePramaLine 916] parsePramaLine shutter now  
[2024-03-18 21:38:32][parsePramaLine 916] parsePramaLine shutter now  
[2024-03-18 21:38:32][parsePramaLine 916] parsePramaLine shutter now  
[2024-03-18 21:38:32][parsePramaLine 916] parsePramaLine shutter now  
[2024-03-18 21:38:32][parsePramaLine 916] parsePramaLine shutter now  
[2024-03-18 21:38:32][parsePramaLine 916] parsePramaLine shutter now  
[2024-03-18 21:38:32][parsePramaLine 916] parsePramaLine shutter now  
[2024-03-18 21:38:32][parsePramaLine 916] parsePramaLine shutter now  
[2024-03-18 21:38:32][parsePramaLine 916] parsePramaLine shutter now  
[2024-03-18 21:38:32][parsePramaLine 916] parsePramaLine shutter now  
[2024-03-18 21:38:32][parsePramaLine 916] parsePramaLine shutter now  
[2024-03-18 21:38:32][parsePramaLine 916] parsePramaLine shutter now  
[2024-03-18 21:38:32][parsePramaLine 916] parsePramaLine shutter now  
[2024-03-18 21:38:32][parsePramaLine 916] parsePramaLine shutter now  
[2024-03-18 21:38:32][parsePramaLine 916] parsePramaLine shutter now  
[2024-03-18 21:38:32][parsePramaLine 916] parsePramaLine shutter now  
[2024-03-18 21:38:32][parsePramaLine 916] parsePramaLine shutter now  
[2024-03-18 21:38:32][parsePramaLine 916] parsePramaLine shutter now  
[2024-03-18 21:38:32][parsePramaLine 916] parsePramaLine shutter now  
[2024-03-18 21:38:32][parsePramaLine 916] parsePramaLine shutter now  
[2024-03-18 21:38:32][parsePramaLine 916] parsePramaLine shutter now  
[2024-03-18 21:38:32][parsePramaLine 916] parsePramaLine shutter now  
[2024-03-18 21:38:32][parsePramaLine 916] parsePramaLine shutter now  
[2024-03-18 21:38:32][parsePramaLine 916] parsePramaLine shutter now  
[2024-03-18 21:38:32][parsePramaLine 916] parsePramaLine shutter now  
[2024-03-18 21:38:32][parsePramaLine 916] parsePramaLine shutter now  
[2024-03-18 21:38:32][parsePramaLine 916] parsePramaLine shutter now  
[2024-03-18 21:38:32][parsePramaLine 916] parsePramaLine shutter now  
[2024-03-18 21:38:32][parsePramaLine 916] parsePramaLine shutter now  
[2024-03-18 21:38:33][parsePramaLine 916] parsePramaLine shutter now  
[2024-03-18 21:38:33][parsePramaLine 916] parsePramaLine shutter now  
[2024-03-18 21:38:34][parsePramaLine 916] parsePramaLine shutter now  
[2024-03-18 21:38:34][parsePramaLine 916] parsePramaLine shutter now  
[2024-03-18 21:38:34][parsePramaLine 916] parsePramaLine shutter now  
[2024-03-18 21:38:34][parsePramaLine 916] parsePramaLine shutter now  
[2024-03-18 21:38:34][parsePramaLine 916] parsePramaLine shutter now  
[2024-03-18 21:38:34][parsePramaLine 916] parsePramaLine shutter now  
[2024-03-18 21:38:34][parsePramaLine 916] parsePramaLine shutter now  
[2024-03-18 21:38:34][parsePramaLine 916] parsePramaLine shutter now  
[2024-03-18 21:38:34][parsePramaLine 916] parsePramaLine shutter now  
[2024-03-18 21:38:34][parsePramaLine 916] parsePramaLine shutter now  
[2024-03-18 21:38:34][parsePramaLine 916] parsePramaLine shutter now  
[2024-03-18 21:38:34][parsePramaLine 916] parsePramaLine shutter now  
[2024-03-18 21:38:34][parsePramaLine 916] parsePramaLine shutter now  
[2024-03-18 21:38:34][parsePramaLine 916] parsePramaLine shutter now  
[2024-03-18 21:38:34][parsePramaLine 916] parsePramaLine shutter now  
[2024-03-18 21:38:34][parsePramaLine 916] parsePramaLine shutter now  
[2024-03-18 21:38:34][parsePramaLine 916] parsePramaLine shutter now  
[2024-03-18 21:38:34][parsePramaLine 916] parsePramaLine shutter now  
[2024-03-18 21:38:34][parsePramaLine 916] parsePramaLine shutter now  
[2024-03-18 21:38:34][parsePramaLine 916] parsePramaLine shutter now  
[2024-03-18 21:38:34][parsePramaLine 916] parsePramaLine shutter now  
[2024-03-18 21:38:34][parsePramaLine 916] parsePramaLine shutter now  
[2024-03-18 21:38:34][parsePramaLine 916] parsePramaLine shutter now  
[2024-03-18 21:38:34][parsePramaLine 916] parsePramaLine shutter now  
[2024-03-18 21:38:34][parsePramaLine 916] parsePramaLine shutter now  
[2024-03-18 21:38:34][parsePramaLine 916] parsePramaLine shutter now  
[2024-03-18 21:38:35][parsePramaLine 916] parsePramaLine shutter now  
[2024-03-18 21:38:35][parsePramaLine 916] parsePramaLine shutter now  
[2024-03-18 21:38:35][parsePramaLine 916] parsePramaLine shutter now  
[2024-03-18 21:38:35][parsePramaLine 916] parsePramaLine shutter now  
[2024-03-18 21:38:35][parsePramaLine 916] parsePramaLine shutter now  
[2024-03-18 21:38:35][parsePramaLine 916] parsePramaLine shutter now  
[2024-03-18 21:38:35][parsePramaLine 916] parsePramaLine shutter now  
[2024-03-18 21:38:37][parsePramaLine 916] parsePramaLine shutter now  
[2024-03-18 21:38:37][parsePramaLine 916] parsePramaLine shutter now  
[2024-03-18 21:38:37][parsePramaLine 916] parsePramaLine shutter now  
[2024-03-18 21:38:37][parsePramaLine 916] parsePramaLine shutter now  
[2024-03-18 21:38:37][parsePramaLine 916] parsePramaLine shutter now  
[2024-03-18 21:38:37][parsePramaLine 916] parsePramaLine shutter now  
[2024-03-18 21:38:37][parsePramaLine 916] parsePramaLine shutter now  
[2024-03-18 21:38:37][parsePramaLine 916] parsePramaLine shutter now  
[2024-03-18 21:38:37][parsePramaLine 916] parsePramaLine shutter now  
[2024-03-18 21:38:37][parsePramaLine 916] parsePramaLine shutter now  
[2024-03-18 21:38:37][parsePramaLine 916] parsePramaLine shutter now  
[2024-03-18 21:38:37][parsePramaLine 916] parsePramaLine shutter now  
[2024-03-18 21:38:37][parsePramaLine 916] parsePramaLine shutter now  
[2024-03-18 21:38:38][parsePramaLine 916] parsePramaLine shutter now  
[2024-03-18 21:38:38][parsePramaLine 916] parsePramaLine shutter now  
[2024-03-18 21:38:38][parsePramaLine 916] parsePramaLine shutter now  
[2024-03-18 21:38:38][parsePramaLine 916] parsePramaLine shutter now  
[2024-03-18 21:38:38][parsePramaLine 916] parsePramaLine shutter now  
[2024-03-18 21:38:38][parsePramaLine 916] parsePramaLine shutter now  
[2024-03-18 21:38:38][parsePramaLine 916] parsePramaLine shutter now  
[2024-03-18 21:38:38][parsePramaLine 916] parsePramaLine shutter now  
[2024-03-18 21:38:38][parsePramaLine 916] parsePramaLine shutter now  
[2024-03-18 21:38:38][parsePramaLine 916] parsePramaLine shutter now  
[2024-03-18 21:38:38][parsePramaLine 916] parsePramaLine shutter now  
[2024-03-18 21:38:38][parsePramaLine 916] parsePramaLine shutter now  
[2024-03-18 21:38:38][parsePramaLine 916] parsePramaLine shutter now  
[2024-03-18 21:38:38][parsePramaLine 916] parsePramaLine shutter now  
[2024-03-18 21:38:38][parsePramaLine 916] parsePramaLine shutter now  
[2024-03-18 21:38:38][parsePramaLine 916] parsePramaLine shutter now  
[2024-03-18 21:38:38][parsePramaLine 916] parsePramaLine shutter now  
[2024-03-18 21:38:38][parsePramaLine 916] parsePramaLine shutter now  
[2024-03-18 21:38:38][parsePramaLine 916] parsePramaLine shutter now  
[2024-03-18 21:38:39][SGP_Logout 50] SGP_Logout in  
[2024-03-18 21:38:39][threadHandle 284] reconvert data again  
[2024-03-18 21:38:39][processY16 609] processY16 end  
[2024-03-18 21:38:39][processControl 1283] processControl end  
[2024-03-18 21:38:39][threadHandleControl 1192] threadHandleControl reacquireY16 start  
[2024-03-18 21:38:39][reacquireY16 1164] reacquireY16() in  
[2024-03-18 21:38:39][reacquireY16 1170] Try to get y16 data again  
[2024-03-18 21:38:39][stopGetY16Data 1037] stopGetY16Data() in  
[2024-03-18 21:38:39][stopGetY16Data 1056] stopGetY16Data() out  
[2024-03-18 21:38:39][processHeartbeat 412] processHeartbeat end  
[2024-03-18 21:38:40][startRequestY16 1018] startRequestY16() in  
[2024-03-18 21:38:40][startRequestY16 1031] startRequestY16() out  
[2024-03-18 21:38:40][reacquireY16 1180] reacquireY16() out  
[2024-03-18 21:38:40][SGP_Logout 58] SGP_Logout out  
[2024-03-18 21:38:40][SGP_UnInitDevice 23] SGP_UnInitDevice in  
[2024-03-18 21:38:41][SGP_UnInitDevice 30] SGP_UnInitDevice out  
[2024-03-19 17:32:07][SGP_InitDevice 17] SGP_InitDevice out  
[2024-03-19 17:32:10][SGP_Login 35] SGP_Login in  
[2024-03-19 17:32:10][start 973] SGP_Login WsClient start   80  
[2024-03-19 17:32:10][threadHandleControl 1193] threadHandleControl login start  
[2024-03-19 17:32:10][login 670] send login  
[2024-03-19 17:32:10][processControl 1235] processControl start  
[2024-03-19 17:32:10][recv_message 149] login success retcode =  0  , token =  a98dd4ba1ed511b29178f2eaa581a663  
[2024-03-19 17:32:10][SGP_Login 43] SGP_Login out  
[2024-03-19 17:32:10][SGP_GetGeneralInfo 64] SGP_GetGeneralInfo in  
[2024-03-19 17:32:10][processHeartbeat 373] processHeartbeat start  
[2024-03-19 17:32:10][SGP_GetGeneralInfo 72] SGP_GetGeneralInfo out  
[2024-03-19 17:32:10][SGP_OpenIrVideo 92] SGP_OpenIrVideo in  
[2024-03-19 17:32:10][SGP_OpenIrVideo 100] SGP_OpenIrVideo out  
[2024-03-19 17:32:13][loadItaConf 171] IptTempMeasureITA loadItaConf in  
[2024-03-19 17:32:13][loadCurveDatas 180] IptTempMeasureITA loadCurveDatas in  
[2024-03-19 17:32:13][registerITA 270] IptTempMeasureITA registerITA in  
[2024-03-19 17:32:13][readConfig 25] IptTempMeasureITA readConfig in  
[2024-03-19 17:32:13][getItaConf 334] IptTempMeasureITA getItaConf in m_pItaConfDataLength  108  
[2024-03-19 17:32:13][readPackageData 6] IptTempMeasureITA readPackageData in  0  512  
[2024-03-19 17:32:13][readPackageData 6] IptTempMeasureITA readPackageData in  1616  14  
[2024-03-19 17:32:13][readPackageData 6] IptTempMeasureITA readPackageData in  1630  18400  
[2024-03-19 17:32:13][getY16 6099] m_measureManager->startMeausre  
[2024-03-19 17:32:13][startRequestY16 1024] startRequestY16() in  
[2024-03-19 17:32:13][getParamLine 1124] ws is waiting for paraline  
[2024-03-19 17:32:13][initWsY16 777] initWsY16() in  
[2024-03-19 17:32:13][initWsY16 789] initWsY16() successfully and out  
[2024-03-19 17:32:13][startGetY16 711] startGetY16() in  
[2024-03-19 17:32:13][startGetY16 743] startGetY16() out  
[2024-03-19 17:32:13][processY16 464] processY16 start  
[2024-03-19 17:32:13][getParamLine 1124] ws is waiting for paraline  
[2024-03-19 17:32:13][getParamLine 1124] ws is waiting for paraline  
[2024-03-19 17:32:13][getParamLine 1124] ws is waiting for paraline  
[2024-03-19 17:32:13][getParamLine 1124] ws is waiting for paraline  
[2024-03-19 17:32:13][getParamLine 1124] ws is waiting for paraline  
[2024-03-19 17:32:14][getParamLine 1124] ws is waiting for paraline  
[2024-03-19 17:32:14][getParamLine 1124] ws is waiting for paraline  
[2024-03-19 17:32:14][getParamLine 1124] ws is waiting for paraline  
[2024-03-19 17:32:14][getParamLine 1124] ws is waiting for paraline  
[2024-03-19 17:32:14][getParamLine 1124] ws is waiting for paraline  
[2024-03-19 17:32:14][getParamLine 1124] ws is waiting for paraline  
[2024-03-19 17:32:14][getParamLine 1124] ws is waiting for paraline  
[2024-03-19 17:32:14][getParamLine 1124] ws is waiting for paraline  
[2024-03-19 17:32:14][getParamLine 1124] ws is waiting for paraline  
[2024-03-19 17:32:14][readPackageData 6] IptTempMeasureITA readPackageData in  29230  18400  
[2024-03-19 17:32:16][parsePramaLine 923] parsePramaLine shutter now  
[2024-03-19 17:32:16][parsePramaLine 923] parsePramaLine shutter now  
[2024-03-19 17:32:16][parsePramaLine 923] parsePramaLine shutter now  
[2024-03-19 17:32:17][parsePramaLine 923] parsePramaLine shutter now  
[2024-03-19 17:32:17][parsePramaLine 923] parsePramaLine shutter now  
[2024-03-19 17:32:17][parsePramaLine 923] parsePramaLine shutter now  
[2024-03-19 17:32:17][parsePramaLine 923] parsePramaLine shutter now  
[2024-03-19 17:32:17][parsePramaLine 923] parsePramaLine shutter now  
[2024-03-19 17:32:17][parsePramaLine 923] parsePramaLine shutter now  
[2024-03-19 17:32:17][parsePramaLine 923] parsePramaLine shutter now  
[2024-03-19 17:32:17][parsePramaLine 923] parsePramaLine shutter now  
[2024-03-19 17:32:17][parsePramaLine 923] parsePramaLine shutter now  
[2024-03-19 17:32:17][parsePramaLine 923] parsePramaLine shutter now  
[2024-03-19 17:32:17][parsePramaLine 923] parsePramaLine shutter now  
[2024-03-19 17:32:17][parsePramaLine 923] parsePramaLine shutter now  
[2024-03-19 17:32:17][parsePramaLine 923] parsePramaLine shutter now  
[2024-03-19 17:32:17][parsePramaLine 923] parsePramaLine shutter now  
[2024-03-19 17:32:17][parsePramaLine 923] parsePramaLine shutter now  
[2024-03-19 17:32:17][parsePramaLine 923] parsePramaLine shutter now  
[2024-03-19 17:32:17][parsePramaLine 923] parsePramaLine shutter now  
[2024-03-19 17:32:17][parsePramaLine 923] parsePramaLine shutter now  
[2024-03-19 17:32:17][parsePramaLine 923] parsePramaLine shutter now  
[2024-03-19 17:32:17][parsePramaLine 923] parsePramaLine shutter now  
[2024-03-19 17:32:17][parsePramaLine 923] parsePramaLine shutter now  
[2024-03-19 17:32:17][parsePramaLine 923] parsePramaLine shutter now  
[2024-03-19 17:32:17][parsePramaLine 923] parsePramaLine shutter now  
[2024-03-19 17:32:17][parsePramaLine 923] parsePramaLine shutter now  
[2024-03-19 17:32:17][parsePramaLine 923] parsePramaLine shutter now  
[2024-03-19 17:32:17][parsePramaLine 923] parsePramaLine shutter now  
[2024-03-19 17:32:17][parsePramaLine 923] parsePramaLine shutter now  
[2024-03-19 17:32:17][parsePramaLine 923] parsePramaLine shutter now  
[2024-03-19 17:32:17][parsePramaLine 923] parsePramaLine shutter now  
[2024-03-19 17:32:17][parsePramaLine 923] parsePramaLine shutter now  
[2024-03-19 17:32:19][parsePramaLine 923] parsePramaLine shutter now  
[2024-03-19 17:32:19][parsePramaLine 923] parsePramaLine shutter now  
[2024-03-19 17:32:19][parsePramaLine 923] parsePramaLine shutter now  
[2024-03-19 17:32:19][parsePramaLine 923] parsePramaLine shutter now  
[2024-03-19 17:32:19][parsePramaLine 923] parsePramaLine shutter now  
[2024-03-19 17:32:19][parsePramaLine 923] parsePramaLine shutter now  
[2024-03-19 17:32:19][parsePramaLine 923] parsePramaLine shutter now  
[2024-03-19 17:32:19][parsePramaLine 923] parsePramaLine shutter now  
[2024-03-19 17:32:19][parsePramaLine 923] parsePramaLine shutter now  
[2024-03-19 17:32:19][parsePramaLine 923] parsePramaLine shutter now  
[2024-03-19 17:32:19][parsePramaLine 923] parsePramaLine shutter now  
[2024-03-19 17:32:19][parsePramaLine 923] parsePramaLine shutter now  
[2024-03-19 17:32:19][parsePramaLine 923] parsePramaLine shutter now  
[2024-03-19 17:32:19][parsePramaLine 923] parsePramaLine shutter now  
[2024-03-19 17:32:19][parsePramaLine 923] parsePramaLine shutter now  
[2024-03-19 17:32:19][parsePramaLine 923] parsePramaLine shutter now  
[2024-03-19 17:32:19][parsePramaLine 923] parsePramaLine shutter now  
[2024-03-19 17:32:19][parsePramaLine 923] parsePramaLine shutter now  
[2024-03-19 17:32:19][parsePramaLine 923] parsePramaLine shutter now  
[2024-03-19 17:32:19][parsePramaLine 923] parsePramaLine shutter now  
[2024-03-19 17:32:19][parsePramaLine 923] parsePramaLine shutter now  
[2024-03-19 17:32:19][parsePramaLine 923] parsePramaLine shutter now  
[2024-03-19 17:32:19][parsePramaLine 923] parsePramaLine shutter now  
[2024-03-19 17:32:19][parsePramaLine 923] parsePramaLine shutter now  
[2024-03-19 17:32:19][parsePramaLine 923] parsePramaLine shutter now  
[2024-03-19 17:32:19][parsePramaLine 923] parsePramaLine shutter now  
[2024-03-19 17:32:19][parsePramaLine 923] parsePramaLine shutter now  
[2024-03-19 17:32:19][parsePramaLine 923] parsePramaLine shutter now  
[2024-03-19 17:32:19][parsePramaLine 923] parsePramaLine shutter now  
[2024-03-19 17:32:19][parsePramaLine 923] parsePramaLine shutter now  
[2024-03-19 17:32:19][parsePramaLine 923] parsePramaLine shutter now  
[2024-03-19 17:32:19][parsePramaLine 923] parsePramaLine shutter now  
[2024-03-19 17:32:19][parsePramaLine 923] parsePramaLine shutter now  
[2024-03-19 17:32:21][parsePramaLine 923] parsePramaLine shutter now  
[2024-03-19 17:32:21][parsePramaLine 923] parsePramaLine shutter now  
[2024-03-19 17:32:21][parsePramaLine 923] parsePramaLine shutter now  
[2024-03-19 17:32:21][parsePramaLine 923] parsePramaLine shutter now  
[2024-03-19 17:32:21][parsePramaLine 923] parsePramaLine shutter now  
[2024-03-19 17:32:21][parsePramaLine 923] parsePramaLine shutter now  
[2024-03-19 17:32:21][parsePramaLine 923] parsePramaLine shutter now  
[2024-03-19 17:32:21][parsePramaLine 923] parsePramaLine shutter now  
[2024-03-19 17:32:21][parsePramaLine 923] parsePramaLine shutter now  
[2024-03-19 17:32:21][parsePramaLine 923] parsePramaLine shutter now  
[2024-03-19 17:32:21][parsePramaLine 923] parsePramaLine shutter now  
[2024-03-19 17:32:21][parsePramaLine 923] parsePramaLine shutter now  
[2024-03-19 17:32:21][parsePramaLine 923] parsePramaLine shutter now  
[2024-03-19 17:32:21][parsePramaLine 923] parsePramaLine shutter now  
[2024-03-19 17:32:21][parsePramaLine 923] parsePramaLine shutter now  
[2024-03-19 17:32:21][parsePramaLine 923] parsePramaLine shutter now  
[2024-03-19 17:32:21][parsePramaLine 923] parsePramaLine shutter now  
[2024-03-19 17:32:21][parsePramaLine 923] parsePramaLine shutter now  
[2024-03-19 17:32:21][parsePramaLine 923] parsePramaLine shutter now  
[2024-03-19 17:32:21][parsePramaLine 923] parsePramaLine shutter now  
[2024-03-19 17:32:21][parsePramaLine 923] parsePramaLine shutter now  
[2024-03-19 17:32:21][parsePramaLine 923] parsePramaLine shutter now  
[2024-03-19 17:32:21][parsePramaLine 923] parsePramaLine shutter now  
[2024-03-19 17:32:21][parsePramaLine 923] parsePramaLine shutter now  
[2024-03-19 17:32:21][parsePramaLine 923] parsePramaLine shutter now  
[2024-03-19 17:32:21][parsePramaLine 923] parsePramaLine shutter now  
[2024-03-19 17:32:21][parsePramaLine 923] parsePramaLine shutter now  
[2024-03-19 17:32:22][parsePramaLine 923] parsePramaLine shutter now  
[2024-03-19 17:32:22][parsePramaLine 923] parsePramaLine shutter now  
[2024-03-19 17:32:22][parsePramaLine 923] parsePramaLine shutter now  
[2024-03-19 17:32:22][parsePramaLine 923] parsePramaLine shutter now  
[2024-03-19 17:32:22][parsePramaLine 923] parsePramaLine shutter now  
[2024-03-19 17:32:22][parsePramaLine 923] parsePramaLine shutter now  
[2024-03-19 17:32:23][parsePramaLine 923] parsePramaLine shutter now  
[2024-03-19 17:32:23][parsePramaLine 923] parsePramaLine shutter now  
[2024-03-19 17:32:23][parsePramaLine 923] parsePramaLine shutter now  
[2024-03-19 17:32:23][parsePramaLine 923] parsePramaLine shutter now  
[2024-03-19 17:32:23][parsePramaLine 923] parsePramaLine shutter now  
[2024-03-19 17:32:23][parsePramaLine 923] parsePramaLine shutter now  
[2024-03-19 17:32:23][parsePramaLine 923] parsePramaLine shutter now  
[2024-03-19 17:32:23][parsePramaLine 923] parsePramaLine shutter now  
[2024-03-19 17:32:23][parsePramaLine 923] parsePramaLine shutter now  
[2024-03-19 17:32:23][parsePramaLine 923] parsePramaLine shutter now  
[2024-03-19 17:32:23][parsePramaLine 923] parsePramaLine shutter now  
[2024-03-19 17:32:23][parsePramaLine 923] parsePramaLine shutter now  
[2024-03-19 17:32:23][parsePramaLine 923] parsePramaLine shutter now  
[2024-03-19 17:32:23][parsePramaLine 923] parsePramaLine shutter now  
[2024-03-19 17:32:23][parsePramaLine 923] parsePramaLine shutter now  
[2024-03-19 17:32:23][parsePramaLine 923] parsePramaLine shutter now  
[2024-03-19 17:32:23][parsePramaLine 923] parsePramaLine shutter now  
[2024-03-19 17:32:23][parsePramaLine 923] parsePramaLine shutter now  
[2024-03-19 17:32:23][parsePramaLine 923] parsePramaLine shutter now  
[2024-03-19 17:32:23][parsePramaLine 923] parsePramaLine shutter now  
[2024-03-19 17:32:23][parsePramaLine 923] parsePramaLine shutter now  
[2024-03-19 17:32:23][parsePramaLine 923] parsePramaLine shutter now  
[2024-03-19 17:32:23][parsePramaLine 923] parsePramaLine shutter now  
[2024-03-19 17:32:23][parsePramaLine 923] parsePramaLine shutter now  
[2024-03-19 17:32:23][parsePramaLine 923] parsePramaLine shutter now  
[2024-03-19 17:32:24][parsePramaLine 923] parsePramaLine shutter now  
[2024-03-19 17:32:24][parsePramaLine 923] parsePramaLine shutter now  
[2024-03-19 17:32:24][parsePramaLine 923] parsePramaLine shutter now  
[2024-03-19 17:32:24][parsePramaLine 923] parsePramaLine shutter now  
[2024-03-19 17:32:24][parsePramaLine 923] parsePramaLine shutter now  
[2024-03-19 17:32:24][parsePramaLine 923] parsePramaLine shutter now  
[2024-03-19 17:32:24][parsePramaLine 923] parsePramaLine shutter now  
[2024-03-19 17:32:24][parsePramaLine 923] parsePramaLine shutter now  
[2024-03-19 17:32:25][parsePramaLine 923] parsePramaLine shutter now  
[2024-03-19 17:32:25][parsePramaLine 923] parsePramaLine shutter now  
[2024-03-19 17:32:25][parsePramaLine 923] parsePramaLine shutter now  
[2024-03-19 17:32:25][parsePramaLine 923] parsePramaLine shutter now  
[2024-03-19 17:32:25][parsePramaLine 923] parsePramaLine shutter now  
[2024-03-19 17:32:25][parsePramaLine 923] parsePramaLine shutter now  
[2024-03-19 17:32:25][parsePramaLine 923] parsePramaLine shutter now  
[2024-03-19 17:32:25][parsePramaLine 923] parsePramaLine shutter now  
[2024-03-19 17:32:25][parsePramaLine 923] parsePramaLine shutter now  
[2024-03-19 17:32:25][parsePramaLine 923] parsePramaLine shutter now  
[2024-03-19 17:32:25][parsePramaLine 923] parsePramaLine shutter now  
[2024-03-19 17:32:25][parsePramaLine 923] parsePramaLine shutter now  
[2024-03-19 17:32:26][parsePramaLine 923] parsePramaLine shutter now  
[2024-03-19 17:32:26][parsePramaLine 923] parsePramaLine shutter now  
[2024-03-19 17:32:26][parsePramaLine 923] parsePramaLine shutter now  
[2024-03-19 17:32:26][parsePramaLine 923] parsePramaLine shutter now  
[2024-03-19 17:32:26][parsePramaLine 923] parsePramaLine shutter now  
[2024-03-19 17:32:26][parsePramaLine 923] parsePramaLine shutter now  
[2024-03-19 17:32:26][parsePramaLine 923] parsePramaLine shutter now  
[2024-03-19 17:32:26][parsePramaLine 923] parsePramaLine shutter now  
[2024-03-19 17:32:26][parsePramaLine 923] parsePramaLine shutter now  
[2024-03-19 17:32:26][parsePramaLine 923] parsePramaLine shutter now  
[2024-03-19 17:32:26][parsePramaLine 923] parsePramaLine shutter now  
[2024-03-19 17:32:26][parsePramaLine 923] parsePramaLine shutter now  
[2024-03-19 17:32:26][parsePramaLine 923] parsePramaLine shutter now  
[2024-03-19 17:32:26][parsePramaLine 923] parsePramaLine shutter now  
[2024-03-19 17:32:26][parsePramaLine 923] parsePramaLine shutter now  
[2024-03-19 17:32:26][parsePramaLine 923] parsePramaLine shutter now  
[2024-03-19 17:32:26][parsePramaLine 923] parsePramaLine shutter now  
[2024-03-19 17:32:26][parsePramaLine 923] parsePramaLine shutter now  
[2024-03-19 17:32:26][parsePramaLine 923] parsePramaLine shutter now  
[2024-03-19 17:32:26][parsePramaLine 923] parsePramaLine shutter now  
[2024-03-19 17:32:26][parsePramaLine 923] parsePramaLine shutter now  
[2024-03-19 17:32:26][parsePramaLine 923] parsePramaLine shutter now  
[2024-03-19 17:32:28][parsePramaLine 923] parsePramaLine shutter now  
[2024-03-19 17:32:28][parsePramaLine 923] parsePramaLine shutter now  
[2024-03-19 17:32:28][parsePramaLine 923] parsePramaLine shutter now  
[2024-03-19 17:32:28][parsePramaLine 923] parsePramaLine shutter now  
[2024-03-19 17:32:28][parsePramaLine 923] parsePramaLine shutter now  
[2024-03-19 17:32:28][parsePramaLine 923] parsePramaLine shutter now  
[2024-03-19 17:32:28][parsePramaLine 923] parsePramaLine shutter now  
[2024-03-19 17:32:28][parsePramaLine 923] parsePramaLine shutter now  
[2024-03-19 17:32:28][parsePramaLine 923] parsePramaLine shutter now  
[2024-03-19 17:32:28][parsePramaLine 923] parsePramaLine shutter now  
[2024-03-19 17:32:28][parsePramaLine 923] parsePramaLine shutter now  
[2024-03-19 17:32:28][parsePramaLine 923] parsePramaLine shutter now  
[2024-03-19 17:32:28][parsePramaLine 923] parsePramaLine shutter now  
[2024-03-19 17:32:28][parsePramaLine 923] parsePramaLine shutter now  
[2024-03-19 17:32:28][parsePramaLine 923] parsePramaLine shutter now  
[2024-03-19 17:32:28][parsePramaLine 923] parsePramaLine shutter now  
[2024-03-19 17:32:28][parsePramaLine 923] parsePramaLine shutter now  
[2024-03-19 17:32:28][parsePramaLine 923] parsePramaLine shutter now  
[2024-03-19 17:32:28][parsePramaLine 923] parsePramaLine shutter now  
[2024-03-19 17:32:28][parsePramaLine 923] parsePramaLine shutter now  
[2024-03-19 17:32:28][parsePramaLine 923] parsePramaLine shutter now  
[2024-03-19 17:32:28][parsePramaLine 923] parsePramaLine shutter now  
[2024-03-19 17:32:28][parsePramaLine 923] parsePramaLine shutter now  
[2024-03-19 17:32:28][parsePramaLine 923] parsePramaLine shutter now  
[2024-03-19 17:32:28][parsePramaLine 923] parsePramaLine shutter now  
[2024-03-19 17:32:28][parsePramaLine 923] parsePramaLine shutter now  
[2024-03-19 17:32:28][parsePramaLine 923] parsePramaLine shutter now  
[2024-03-19 17:32:28][parsePramaLine 923] parsePramaLine shutter now  
[2024-03-19 17:32:28][parsePramaLine 923] parsePramaLine shutter now  
[2024-03-19 17:32:28][parsePramaLine 923] parsePramaLine shutter now  
[2024-03-19 17:32:28][parsePramaLine 923] parsePramaLine shutter now  
[2024-03-19 17:32:30][parsePramaLine 923] parsePramaLine shutter now  
[2024-03-19 17:32:30][parsePramaLine 923] parsePramaLine shutter now  
[2024-03-19 17:32:30][parsePramaLine 923] parsePramaLine shutter now  
[2024-03-19 17:32:30][parsePramaLine 923] parsePramaLine shutter now  
[2024-03-19 17:32:30][parsePramaLine 923] parsePramaLine shutter now  
[2024-03-19 17:32:30][parsePramaLine 923] parsePramaLine shutter now  
[2024-03-19 17:32:30][parsePramaLine 923] parsePramaLine shutter now  
[2024-03-19 17:32:30][parsePramaLine 923] parsePramaLine shutter now  
[2024-03-19 17:32:30][parsePramaLine 923] parsePramaLine shutter now  
[2024-03-19 17:32:30][parsePramaLine 923] parsePramaLine shutter now  
[2024-03-19 17:32:30][parsePramaLine 923] parsePramaLine shutter now  
[2024-03-19 17:32:30][parsePramaLine 923] parsePramaLine shutter now  
[2024-03-19 17:32:30][parsePramaLine 923] parsePramaLine shutter now  
[2024-03-19 17:32:30][parsePramaLine 923] parsePramaLine shutter now  
[2024-03-19 17:32:30][parsePramaLine 923] parsePramaLine shutter now  
[2024-03-19 17:32:30][parsePramaLine 923] parsePramaLine shutter now  
[2024-03-19 17:32:30][parsePramaLine 923] parsePramaLine shutter now  
[2024-03-19 17:32:30][parsePramaLine 923] parsePramaLine shutter now  
[2024-03-19 17:32:30][parsePramaLine 923] parsePramaLine shutter now  
[2024-03-19 17:32:30][parsePramaLine 923] parsePramaLine shutter now  
[2024-03-19 17:32:30][parsePramaLine 923] parsePramaLine shutter now  
[2024-03-19 17:32:30][parsePramaLine 923] parsePramaLine shutter now  
[2024-03-19 17:32:30][parsePramaLine 923] parsePramaLine shutter now  
[2024-03-19 17:32:30][parsePramaLine 923] parsePramaLine shutter now  
[2024-03-19 17:32:30][parsePramaLine 923] parsePramaLine shutter now  
[2024-03-19 17:32:30][parsePramaLine 923] parsePramaLine shutter now  
[2024-03-19 17:32:30][parsePramaLine 923] parsePramaLine shutter now  
[2024-03-19 17:32:30][parsePramaLine 923] parsePramaLine shutter now  
[2024-03-19 17:32:31][parsePramaLine 923] parsePramaLine shutter now  
[2024-03-19 17:32:31][parsePramaLine 923] parsePramaLine shutter now  
[2024-03-19 17:32:31][parsePramaLine 923] parsePramaLine shutter now  
[2024-03-19 17:32:31][parsePramaLine 923] parsePramaLine shutter now  
[2024-03-19 17:32:31][parsePramaLine 923] parsePramaLine shutter now  
[2024-03-19 17:32:33][parsePramaLine 923] parsePramaLine shutter now  
[2024-03-19 17:32:33][parsePramaLine 923] parsePramaLine shutter now  
[2024-03-19 17:32:33][parsePramaLine 923] parsePramaLine shutter now  
[2024-03-19 17:32:33][parsePramaLine 923] parsePramaLine shutter now  
[2024-03-19 17:32:33][parsePramaLine 923] parsePramaLine shutter now  
[2024-03-19 17:32:33][parsePramaLine 923] parsePramaLine shutter now  
[2024-03-19 17:32:33][parsePramaLine 923] parsePramaLine shutter now  
[2024-03-19 17:32:33][parsePramaLine 923] parsePramaLine shutter now  
[2024-03-19 17:32:33][parsePramaLine 923] parsePramaLine shutter now  
[2024-03-19 17:32:33][parsePramaLine 923] parsePramaLine shutter now  
[2024-03-19 17:32:33][parsePramaLine 923] parsePramaLine shutter now  
[2024-03-19 17:32:33][parsePramaLine 923] parsePramaLine shutter now  
[2024-03-19 17:32:33][parsePramaLine 923] parsePramaLine shutter now  
[2024-03-19 17:32:33][parsePramaLine 923] parsePramaLine shutter now  
[2024-03-19 17:32:33][parsePramaLine 923] parsePramaLine shutter now  
[2024-03-19 17:32:33][parsePramaLine 923] parsePramaLine shutter now  
[2024-03-19 17:32:33][parsePramaLine 923] parsePramaLine shutter now  
[2024-03-19 17:32:33][parsePramaLine 923] parsePramaLine shutter now  
[2024-03-19 17:32:33][parsePramaLine 923] parsePramaLine shutter now  
[2024-03-19 17:32:33][parsePramaLine 923] parsePramaLine shutter now  
[2024-03-19 17:32:33][parsePramaLine 923] parsePramaLine shutter now  
[2024-03-19 17:32:33][parsePramaLine 923] parsePramaLine shutter now  
[2024-03-19 17:32:33][parsePramaLine 923] parsePramaLine shutter now  
[2024-03-19 17:32:33][parsePramaLine 923] parsePramaLine shutter now  
[2024-03-19 17:32:33][parsePramaLine 923] parsePramaLine shutter now  
[2024-03-19 17:32:33][parsePramaLine 923] parsePramaLine shutter now  
[2024-03-19 17:32:33][parsePramaLine 923] parsePramaLine shutter now  
[2024-03-19 17:32:33][parsePramaLine 923] parsePramaLine shutter now  
[2024-03-19 17:32:33][parsePramaLine 923] parsePramaLine shutter now  
[2024-03-19 17:32:33][parsePramaLine 923] parsePramaLine shutter now  
[2024-03-19 17:32:33][parsePramaLine 923] parsePramaLine shutter now  
[2024-03-19 17:32:35][parsePramaLine 923] parsePramaLine shutter now  
[2024-03-19 17:32:35][parsePramaLine 923] parsePramaLine shutter now  
[2024-03-19 17:32:35][parsePramaLine 923] parsePramaLine shutter now  
[2024-03-19 17:32:35][parsePramaLine 923] parsePramaLine shutter now  
[2024-03-19 17:32:35][parsePramaLine 923] parsePramaLine shutter now  
[2024-03-19 17:32:35][parsePramaLine 923] parsePramaLine shutter now  
[2024-03-19 17:32:35][parsePramaLine 923] parsePramaLine shutter now  
[2024-03-19 17:32:35][parsePramaLine 923] parsePramaLine shutter now  
[2024-03-19 17:32:35][parsePramaLine 923] parsePramaLine shutter now  
[2024-03-19 17:32:35][parsePramaLine 923] parsePramaLine shutter now  
[2024-03-19 17:32:35][parsePramaLine 923] parsePramaLine shutter now  
[2024-03-19 17:32:35][parsePramaLine 923] parsePramaLine shutter now  
[2024-03-19 17:32:35][parsePramaLine 923] parsePramaLine shutter now  
[2024-03-19 17:32:35][parsePramaLine 923] parsePramaLine shutter now  
[2024-03-19 17:32:35][parsePramaLine 923] parsePramaLine shutter now  
[2024-03-19 17:32:35][parsePramaLine 923] parsePramaLine shutter now  
[2024-03-19 17:32:35][parsePramaLine 923] parsePramaLine shutter now  
[2024-03-19 17:32:35][parsePramaLine 923] parsePramaLine shutter now  
[2024-03-19 17:32:35][parsePramaLine 923] parsePramaLine shutter now  
[2024-03-19 17:32:35][parsePramaLine 923] parsePramaLine shutter now  
[2024-03-19 17:32:35][parsePramaLine 923] parsePramaLine shutter now  
[2024-03-19 17:32:35][parsePramaLine 923] parsePramaLine shutter now  
[2024-03-19 17:32:35][parsePramaLine 923] parsePramaLine shutter now  
[2024-03-19 17:32:35][parsePramaLine 923] parsePramaLine shutter now  
[2024-03-19 17:32:35][parsePramaLine 923] parsePramaLine shutter now  
[2024-03-19 17:32:35][parsePramaLine 923] parsePramaLine shutter now  
[2024-03-19 17:32:35][parsePramaLine 923] parsePramaLine shutter now  
[2024-03-19 17:32:35][parsePramaLine 923] parsePramaLine shutter now  
[2024-03-19 17:32:35][parsePramaLine 923] parsePramaLine shutter now  
[2024-03-19 17:32:35][parsePramaLine 923] parsePramaLine shutter now  
[2024-03-19 17:32:35][parsePramaLine 923] parsePramaLine shutter now  
[2024-03-19 17:32:35][parsePramaLine 923] parsePramaLine shutter now  
[2024-03-19 17:32:37][parsePramaLine 923] parsePramaLine shutter now  
[2024-03-19 17:32:37][parsePramaLine 923] parsePramaLine shutter now  
[2024-03-19 17:32:37][parsePramaLine 923] parsePramaLine shutter now  
[2024-03-19 17:32:37][parsePramaLine 923] parsePramaLine shutter now  
[2024-03-19 17:32:37][parsePramaLine 923] parsePramaLine shutter now  
[2024-03-19 17:32:37][parsePramaLine 923] parsePramaLine shutter now  
[2024-03-19 17:32:37][parsePramaLine 923] parsePramaLine shutter now  
[2024-03-19 17:32:37][parsePramaLine 923] parsePramaLine shutter now  
[2024-03-19 17:32:37][parsePramaLine 923] parsePramaLine shutter now  
[2024-03-19 17:32:37][parsePramaLine 923] parsePramaLine shutter now  
[2024-03-19 17:32:37][parsePramaLine 923] parsePramaLine shutter now  
[2024-03-19 17:32:37][parsePramaLine 923] parsePramaLine shutter now  
[2024-03-19 17:32:37][parsePramaLine 923] parsePramaLine shutter now  
[2024-03-19 17:32:37][parsePramaLine 923] parsePramaLine shutter now  
[2024-03-19 17:32:37][parsePramaLine 923] parsePramaLine shutter now  
[2024-03-19 17:32:37][parsePramaLine 923] parsePramaLine shutter now  
[2024-03-19 17:32:37][parsePramaLine 923] parsePramaLine shutter now  
[2024-03-19 17:32:37][parsePramaLine 923] parsePramaLine shutter now  
[2024-03-19 17:32:37][parsePramaLine 923] parsePramaLine shutter now  
[2024-03-19 17:32:37][parsePramaLine 923] parsePramaLine shutter now  
[2024-03-19 17:32:37][parsePramaLine 923] parsePramaLine shutter now  
[2024-03-19 17:32:37][parsePramaLine 923] parsePramaLine shutter now  
[2024-03-19 17:32:37][parsePramaLine 923] parsePramaLine shutter now  
[2024-03-19 17:32:37][parsePramaLine 923] parsePramaLine shutter now  
[2024-03-19 17:32:37][parsePramaLine 923] parsePramaLine shutter now  
[2024-03-19 17:32:37][parsePramaLine 923] parsePramaLine shutter now  
[2024-03-19 17:32:37][parsePramaLine 923] parsePramaLine shutter now  
[2024-03-19 17:32:37][parsePramaLine 923] parsePramaLine shutter now  
[2024-03-19 17:32:37][parsePramaLine 923] parsePramaLine shutter now  
[2024-03-19 17:32:37][parsePramaLine 923] parsePramaLine shutter now  
[2024-03-19 17:32:37][parsePramaLine 923] parsePramaLine shutter now  
[2024-03-19 17:32:37][parsePramaLine 923] parsePramaLine shutter now  
[2024-03-19 17:32:39][parsePramaLine 923] parsePramaLine shutter now  
[2024-03-19 17:32:39][parsePramaLine 923] parsePramaLine shutter now  
[2024-03-19 17:32:39][parsePramaLine 923] parsePramaLine shutter now  
[2024-03-19 17:32:39][parsePramaLine 923] parsePramaLine shutter now  
[2024-03-19 17:32:39][parsePramaLine 923] parsePramaLine shutter now  
[2024-03-19 17:32:39][parsePramaLine 923] parsePramaLine shutter now  
[2024-03-19 17:32:39][parsePramaLine 923] parsePramaLine shutter now  
[2024-03-19 17:32:39][parsePramaLine 923] parsePramaLine shutter now  
[2024-03-19 17:32:39][parsePramaLine 923] parsePramaLine shutter now  
[2024-03-19 17:32:39][parsePramaLine 923] parsePramaLine shutter now  
[2024-03-19 17:32:39][parsePramaLine 923] parsePramaLine shutter now  
[2024-03-19 17:32:39][parsePramaLine 923] parsePramaLine shutter now  
[2024-03-19 17:32:39][parsePramaLine 923] parsePramaLine shutter now  
[2024-03-19 17:32:39][parsePramaLine 923] parsePramaLine shutter now  
[2024-03-19 17:32:39][parsePramaLine 923] parsePramaLine shutter now  
[2024-03-19 17:32:39][parsePramaLine 923] parsePramaLine shutter now  
[2024-03-19 17:32:39][parsePramaLine 923] parsePramaLine shutter now  
[2024-03-19 17:32:39][parsePramaLine 923] parsePramaLine shutter now  
[2024-03-19 17:32:39][parsePramaLine 923] parsePramaLine shutter now  
[2024-03-19 17:32:39][parsePramaLine 923] parsePramaLine shutter now  
[2024-03-19 17:32:39][parsePramaLine 923] parsePramaLine shutter now  
[2024-03-19 17:32:39][parsePramaLine 923] parsePramaLine shutter now  
[2024-03-19 17:32:39][parsePramaLine 923] parsePramaLine shutter now  
[2024-03-19 17:32:39][parsePramaLine 923] parsePramaLine shutter now  
[2024-03-19 17:32:39][parsePramaLine 923] parsePramaLine shutter now  
[2024-03-19 17:32:39][parsePramaLine 923] parsePramaLine shutter now  
[2024-03-19 17:32:39][parsePramaLine 923] parsePramaLine shutter now  
[2024-03-19 17:32:39][parsePramaLine 923] parsePramaLine shutter now  
[2024-03-19 17:32:39][parsePramaLine 923] parsePramaLine shutter now  
[2024-03-19 17:32:39][parsePramaLine 923] parsePramaLine shutter now  
[2024-03-19 17:32:39][parsePramaLine 923] parsePramaLine shutter now  
[2024-03-19 17:32:39][parsePramaLine 923] parsePramaLine shutter now  
[2024-03-19 17:32:41][processHeartbeat 392] send heartbeat  
[2024-03-19 17:32:41][parsePramaLine 923] parsePramaLine shutter now  
[2024-03-19 17:32:41][parsePramaLine 923] parsePramaLine shutter now  
[2024-03-19 17:32:41][parsePramaLine 923] parsePramaLine shutter now  
[2024-03-19 17:32:41][parsePramaLine 923] parsePramaLine shutter now  
[2024-03-19 17:32:41][parsePramaLine 923] parsePramaLine shutter now  
[2024-03-19 17:32:41][parsePramaLine 923] parsePramaLine shutter now  
[2024-03-19 17:32:41][parsePramaLine 923] parsePramaLine shutter now  
[2024-03-19 17:32:41][parsePramaLine 923] parsePramaLine shutter now  
[2024-03-19 17:32:41][parsePramaLine 923] parsePramaLine shutter now  
[2024-03-19 17:32:41][parsePramaLine 923] parsePramaLine shutter now  
[2024-03-19 17:32:41][parsePramaLine 923] parsePramaLine shutter now  
[2024-03-19 17:32:41][parsePramaLine 923] parsePramaLine shutter now  
[2024-03-19 17:32:41][parsePramaLine 923] parsePramaLine shutter now  
[2024-03-19 17:32:41][parsePramaLine 923] parsePramaLine shutter now  
[2024-03-19 17:32:41][parsePramaLine 923] parsePramaLine shutter now  
[2024-03-19 17:32:41][parsePramaLine 923] parsePramaLine shutter now  
[2024-03-19 17:32:41][parsePramaLine 923] parsePramaLine shutter now  
[2024-03-19 17:32:41][parsePramaLine 923] parsePramaLine shutter now  
[2024-03-19 17:32:41][parsePramaLine 923] parsePramaLine shutter now  
[2024-03-19 17:32:41][parsePramaLine 923] parsePramaLine shutter now  
[2024-03-19 17:32:41][parsePramaLine 923] parsePramaLine shutter now  
[2024-03-19 17:32:41][parsePramaLine 923] parsePramaLine shutter now  
[2024-03-19 17:32:41][parsePramaLine 923] parsePramaLine shutter now  
[2024-03-19 17:32:41][parsePramaLine 923] parsePramaLine shutter now  
[2024-03-19 17:32:41][parsePramaLine 923] parsePramaLine shutter now  
[2024-03-19 17:32:41][parsePramaLine 923] parsePramaLine shutter now  
[2024-03-19 17:32:41][parsePramaLine 923] parsePramaLine shutter now  
[2024-03-19 17:32:41][parsePramaLine 923] parsePramaLine shutter now  
[2024-03-19 17:32:41][parsePramaLine 923] parsePramaLine shutter now  
[2024-03-19 17:32:41][parsePramaLine 923] parsePramaLine shutter now  
[2024-03-19 17:32:41][parsePramaLine 923] parsePramaLine shutter now  
[2024-03-19 17:32:41][parsePramaLine 923] parsePramaLine shutter now  
[2024-03-19 17:32:44][SGP_Logout 50] SGP_Logout in  
[2024-03-19 17:32:44][threadHandle 284] reconvert data again  
[2024-03-19 17:32:44][processY16 609] processY16 end  
[2024-03-19 17:32:44][processControl 1289] processControl end  
[2024-03-19 17:32:44][threadHandleControl 1198] threadHandleControl reacquireY16 start  
[2024-03-19 17:32:44][reacquireY16 1170] reacquireY16() in  
[2024-03-19 17:32:44][reacquireY16 1176] Try to get y16 data again  
[2024-03-19 17:32:44][stopGetY16Data 1043] stopGetY16Data() in  
[2024-03-19 17:32:44][stopGetY16Data 1062] stopGetY16Data() out  
[2024-03-19 17:32:44][processHeartbeat 412] processHeartbeat end  
[2024-03-19 17:32:45][startRequestY16 1024] startRequestY16() in  
[2024-03-19 17:32:45][startRequestY16 1037] startRequestY16() out  
[2024-03-19 17:32:45][reacquireY16 1186] reacquireY16() out  
[2024-03-19 17:32:45][getParamLine 1124] ws is waiting for paraline  
[2024-03-19 17:32:45][SGP_Logout 58] SGP_Logout out  
[2024-03-19 17:32:45][SGP_UnInitDevice 23] SGP_UnInitDevice in  
[2024-03-19 17:32:46][SGP_UnInitDevice 30] SGP_UnInitDevice out  
[2024-03-19 17:34:23][SGP_InitDevice 17] SGP_InitDevice out  
[2024-03-19 17:34:25][SGP_Login 35] SGP_Login in  
[2024-03-19 17:34:25][start 973] SGP_Login WsClient start   80  
[2024-03-19 17:34:25][threadHandleControl 1193] threadHandleControl login start  
[2024-03-19 17:34:25][login 670] send login  
[2024-03-19 17:34:25][processControl 1235] processControl start  
[2024-03-19 17:34:25][recv_message 149] login success retcode =  0  , token =  fa0c5b821ed511b293e6f2eaa581a663  
[2024-03-19 17:34:25][SGP_Login 43] SGP_Login out  
[2024-03-19 17:34:25][SGP_GetGeneralInfo 64] SGP_GetGeneralInfo in  
[2024-03-19 17:34:25][processHeartbeat 373] processHeartbeat start  
[2024-03-19 17:34:25][SGP_GetGeneralInfo 72] SGP_GetGeneralInfo out  
[2024-03-19 17:34:25][SGP_OpenIrVideo 92] SGP_OpenIrVideo in  
[2024-03-19 17:34:25][SGP_OpenIrVideo 100] SGP_OpenIrVideo out  
[2024-03-19 17:34:27][loadItaConf 171] IptTempMeasureITA loadItaConf in  
[2024-03-19 17:34:27][loadCurveDatas 180] IptTempMeasureITA loadCurveDatas in  
[2024-03-19 17:34:27][registerITA 270] IptTempMeasureITA registerITA in  
[2024-03-19 17:34:27][readConfig 25] IptTempMeasureITA readConfig in  
[2024-03-19 17:34:27][getItaConf 334] IptTempMeasureITA getItaConf in m_pItaConfDataLength  108  
[2024-03-19 17:34:27][readPackageData 6] IptTempMeasureITA readPackageData in  0  512  
[2024-03-19 17:34:27][readPackageData 6] IptTempMeasureITA readPackageData in  1616  14  
[2024-03-19 17:34:27][readPackageData 6] IptTempMeasureITA readPackageData in  1630  18400  
[2024-03-19 17:34:27][getY16 6099] m_measureManager->startMeausre  
[2024-03-19 17:34:27][startRequestY16 1024] startRequestY16() in  
[2024-03-19 17:34:27][getParamLine 1124] ws is waiting for paraline  
[2024-03-19 17:34:27][initWsY16 777] initWsY16() in  
[2024-03-19 17:34:27][initWsY16 789] initWsY16() successfully and out  
[2024-03-19 17:34:27][startGetY16 711] startGetY16() in  
[2024-03-19 17:34:27][startGetY16 743] startGetY16() out  
[2024-03-19 17:34:27][processY16 464] processY16 start  
[2024-03-19 17:34:27][getParamLine 1124] ws is waiting for paraline  
[2024-03-19 17:34:27][getParamLine 1124] ws is waiting for paraline  
[2024-03-19 17:34:28][getParamLine 1124] ws is waiting for paraline  
[2024-03-19 17:34:28][getParamLine 1124] ws is waiting for paraline  
[2024-03-19 17:34:28][getParamLine 1124] ws is waiting for paraline  
[2024-03-19 17:34:28][getParamLine 1124] ws is waiting for paraline  
[2024-03-19 17:34:28][getParamLine 1124] ws is waiting for paraline  
[2024-03-19 17:34:28][getParamLine 1124] ws is waiting for paraline  
[2024-03-19 17:34:28][getParamLine 1124] ws is waiting for paraline  
[2024-03-19 17:34:28][getParamLine 1124] ws is waiting for paraline  
[2024-03-19 17:34:28][getParamLine 1124] ws is waiting for paraline  
[2024-03-19 17:34:28][getParamLine 1124] ws is waiting for paraline  
[2024-03-19 17:34:29][getParamLine 1124] ws is waiting for paraline  
[2024-03-19 17:34:29][getParamLine 1124] ws is waiting for paraline  
[2024-03-19 17:34:29][getParamLine 1124] ws is waiting for paraline  
[2024-03-19 17:34:29][getParamLine 1124] ws is waiting for paraline  
[2024-03-19 17:34:29][parsePramaLine 923] parsePramaLine shutter now  
[2024-03-19 17:34:29][readPackageData 6] IptTempMeasureITA readPackageData in  29230  18400  
[2024-03-19 17:34:29][parsePramaLine 923] parsePramaLine shutter now  
[2024-03-19 17:34:29][parsePramaLine 923] parsePramaLine shutter now  
[2024-03-19 17:34:29][parsePramaLine 923] parsePramaLine shutter now  
[2024-03-19 17:34:29][parsePramaLine 923] parsePramaLine shutter now  
[2024-03-19 17:34:29][parsePramaLine 923] parsePramaLine shutter now  
[2024-03-19 17:34:29][parsePramaLine 923] parsePramaLine shutter now  
[2024-03-19 17:34:29][parsePramaLine 923] parsePramaLine shutter now  
[2024-03-19 17:34:29][parsePramaLine 923] parsePramaLine shutter now  
[2024-03-19 17:34:29][parsePramaLine 923] parsePramaLine shutter now  
[2024-03-19 17:34:29][parsePramaLine 923] parsePramaLine shutter now  
[2024-03-19 17:34:29][parsePramaLine 923] parsePramaLine shutter now  
[2024-03-19 17:34:29][parsePramaLine 923] parsePramaLine shutter now  
[2024-03-19 17:34:29][parsePramaLine 923] parsePramaLine shutter now  
[2024-03-19 17:34:29][parsePramaLine 923] parsePramaLine shutter now  
[2024-03-19 17:34:29][parsePramaLine 923] parsePramaLine shutter now  
[2024-03-19 17:34:29][parsePramaLine 923] parsePramaLine shutter now  
[2024-03-19 17:34:29][parsePramaLine 923] parsePramaLine shutter now  
[2024-03-19 17:34:29][parsePramaLine 923] parsePramaLine shutter now  
[2024-03-19 17:34:29][parsePramaLine 923] parsePramaLine shutter now  
[2024-03-19 17:34:29][parsePramaLine 923] parsePramaLine shutter now  
[2024-03-19 17:34:29][parsePramaLine 923] parsePramaLine shutter now  
[2024-03-19 17:34:29][parsePramaLine 923] parsePramaLine shutter now  
[2024-03-19 17:34:29][parsePramaLine 923] parsePramaLine shutter now  
[2024-03-19 17:34:29][parsePramaLine 923] parsePramaLine shutter now  
[2024-03-19 17:34:29][parsePramaLine 923] parsePramaLine shutter now  
[2024-03-19 17:34:29][parsePramaLine 923] parsePramaLine shutter now  
[2024-03-19 17:34:30][parsePramaLine 923] parsePramaLine shutter now  
[2024-03-19 17:34:30][parsePramaLine 923] parsePramaLine shutter now  
[2024-03-19 17:34:30][parsePramaLine 923] parsePramaLine shutter now  
[2024-03-19 17:34:30][parsePramaLine 923] parsePramaLine shutter now  
[2024-03-19 17:34:30][parsePramaLine 923] parsePramaLine shutter now  
[2024-03-19 17:34:30][parsePramaLine 923] parsePramaLine shutter now  
[2024-03-19 17:34:31][parsePramaLine 923] parsePramaLine shutter now  
[2024-03-19 17:34:31][parsePramaLine 923] parsePramaLine shutter now  
[2024-03-19 17:34:31][parsePramaLine 923] parsePramaLine shutter now  
[2024-03-19 17:34:31][parsePramaLine 923] parsePramaLine shutter now  
[2024-03-19 17:34:31][parsePramaLine 923] parsePramaLine shutter now  
[2024-03-19 17:34:31][parsePramaLine 923] parsePramaLine shutter now  
[2024-03-19 17:34:31][parsePramaLine 923] parsePramaLine shutter now  
[2024-03-19 17:34:31][parsePramaLine 923] parsePramaLine shutter now  
[2024-03-19 17:34:31][parsePramaLine 923] parsePramaLine shutter now  
[2024-03-19 17:34:31][parsePramaLine 923] parsePramaLine shutter now  
[2024-03-19 17:34:31][parsePramaLine 923] parsePramaLine shutter now  
[2024-03-19 17:34:31][parsePramaLine 923] parsePramaLine shutter now  
[2024-03-19 17:34:31][parsePramaLine 923] parsePramaLine shutter now  
[2024-03-19 17:34:31][parsePramaLine 923] parsePramaLine shutter now  
[2024-03-19 17:34:31][parsePramaLine 923] parsePramaLine shutter now  
[2024-03-19 17:34:31][parsePramaLine 923] parsePramaLine shutter now  
[2024-03-19 17:34:31][parsePramaLine 923] parsePramaLine shutter now  
[2024-03-19 17:34:31][parsePramaLine 923] parsePramaLine shutter now  
[2024-03-19 17:34:31][parsePramaLine 923] parsePramaLine shutter now  
[2024-03-19 17:34:32][parsePramaLine 923] parsePramaLine shutter now  
[2024-03-19 17:34:32][parsePramaLine 923] parsePramaLine shutter now  
[2024-03-19 17:34:32][parsePramaLine 923] parsePramaLine shutter now  
[2024-03-19 17:34:32][parsePramaLine 923] parsePramaLine shutter now  
[2024-03-19 17:34:32][parsePramaLine 923] parsePramaLine shutter now  
[2024-03-19 17:34:32][parsePramaLine 923] parsePramaLine shutter now  
[2024-03-19 17:34:32][parsePramaLine 923] parsePramaLine shutter now  
[2024-03-19 17:34:32][parsePramaLine 923] parsePramaLine shutter now  
[2024-03-19 17:34:32][parsePramaLine 923] parsePramaLine shutter now  
[2024-03-19 17:34:32][parsePramaLine 923] parsePramaLine shutter now  
[2024-03-19 17:34:32][parsePramaLine 923] parsePramaLine shutter now  
[2024-03-19 17:34:32][parsePramaLine 923] parsePramaLine shutter now  
[2024-03-19 17:34:32][parsePramaLine 923] parsePramaLine shutter now  
[2024-03-19 17:34:32][parsePramaLine 923] parsePramaLine shutter now  
[2024-03-19 17:34:33][parsePramaLine 923] parsePramaLine shutter now  
[2024-03-19 17:34:33][parsePramaLine 923] parsePramaLine shutter now  
[2024-03-19 17:34:33][parsePramaLine 923] parsePramaLine shutter now  
[2024-03-19 17:34:33][parsePramaLine 923] parsePramaLine shutter now  
[2024-03-19 17:34:33][parsePramaLine 923] parsePramaLine shutter now  
[2024-03-19 17:34:33][parsePramaLine 923] parsePramaLine shutter now  
[2024-03-19 17:34:33][parsePramaLine 923] parsePramaLine shutter now  
[2024-03-19 17:34:33][parsePramaLine 923] parsePramaLine shutter now  
[2024-03-19 17:34:33][parsePramaLine 923] parsePramaLine shutter now  
[2024-03-19 17:34:33][parsePramaLine 923] parsePramaLine shutter now  
[2024-03-19 17:34:33][parsePramaLine 923] parsePramaLine shutter now  
[2024-03-19 17:34:34][parsePramaLine 923] parsePramaLine shutter now  
[2024-03-19 17:34:34][parsePramaLine 923] parsePramaLine shutter now  
[2024-03-19 17:34:34][parsePramaLine 923] parsePramaLine shutter now  
[2024-03-19 17:34:34][parsePramaLine 923] parsePramaLine shutter now  
[2024-03-19 17:34:34][parsePramaLine 923] parsePramaLine shutter now  
[2024-03-19 17:34:34][parsePramaLine 923] parsePramaLine shutter now  
[2024-03-19 17:34:34][parsePramaLine 923] parsePramaLine shutter now  
[2024-03-19 17:34:34][parsePramaLine 923] parsePramaLine shutter now  
[2024-03-19 17:34:34][parsePramaLine 923] parsePramaLine shutter now  
[2024-03-19 17:34:34][parsePramaLine 923] parsePramaLine shutter now  
[2024-03-19 17:34:34][parsePramaLine 923] parsePramaLine shutter now  
[2024-03-19 17:34:34][parsePramaLine 923] parsePramaLine shutter now  
[2024-03-19 17:34:34][parsePramaLine 923] parsePramaLine shutter now  
[2024-03-19 17:34:34][parsePramaLine 923] parsePramaLine shutter now  
[2024-03-19 17:34:34][parsePramaLine 923] parsePramaLine shutter now  
[2024-03-19 17:34:34][parsePramaLine 923] parsePramaLine shutter now  
[2024-03-19 17:34:34][parsePramaLine 923] parsePramaLine shutter now  
[2024-03-19 17:34:34][parsePramaLine 923] parsePramaLine shutter now  
[2024-03-19 17:34:34][parsePramaLine 923] parsePramaLine shutter now  
[2024-03-19 17:34:34][parsePramaLine 923] parsePramaLine shutter now  
[2024-03-19 17:34:34][parsePramaLine 923] parsePramaLine shutter now  
[2024-03-19 17:34:34][parsePramaLine 923] parsePramaLine shutter now  
[2024-03-19 17:34:35][parsePramaLine 923] parsePramaLine shutter now  
[2024-03-19 17:34:35][parsePramaLine 923] parsePramaLine shutter now  
[2024-03-19 17:34:35][parsePramaLine 923] parsePramaLine shutter now  
[2024-03-19 17:34:35][parsePramaLine 923] parsePramaLine shutter now  
[2024-03-19 17:34:35][parsePramaLine 923] parsePramaLine shutter now  
[2024-03-19 17:34:35][parsePramaLine 923] parsePramaLine shutter now  
[2024-03-19 17:34:35][parsePramaLine 923] parsePramaLine shutter now  
[2024-03-19 17:34:35][parsePramaLine 923] parsePramaLine shutter now  
[2024-03-19 17:34:36][parsePramaLine 923] parsePramaLine shutter now  
[2024-03-19 17:34:36][parsePramaLine 923] parsePramaLine shutter now  
[2024-03-19 17:34:36][parsePramaLine 923] parsePramaLine shutter now  
[2024-03-19 17:34:36][parsePramaLine 923] parsePramaLine shutter now  
[2024-03-19 17:34:36][parsePramaLine 923] parsePramaLine shutter now  
[2024-03-19 17:34:36][parsePramaLine 923] parsePramaLine shutter now  
[2024-03-19 17:34:36][parsePramaLine 923] parsePramaLine shutter now  
[2024-03-19 17:34:36][parsePramaLine 923] parsePramaLine shutter now  
[2024-03-19 17:34:36][parsePramaLine 923] parsePramaLine shutter now  
[2024-03-19 17:34:36][parsePramaLine 923] parsePramaLine shutter now  
[2024-03-19 17:34:36][parsePramaLine 923] parsePramaLine shutter now  
[2024-03-19 17:34:36][parsePramaLine 923] parsePramaLine shutter now  
[2024-03-19 17:34:36][parsePramaLine 923] parsePramaLine shutter now  
[2024-03-19 17:34:36][parsePramaLine 923] parsePramaLine shutter now  
[2024-03-19 17:34:36][parsePramaLine 923] parsePramaLine shutter now  
[2024-03-19 17:34:36][parsePramaLine 923] parsePramaLine shutter now  
[2024-03-19 17:34:36][parsePramaLine 923] parsePramaLine shutter now  
[2024-03-19 17:34:36][parsePramaLine 923] parsePramaLine shutter now  
[2024-03-19 17:34:36][parsePramaLine 923] parsePramaLine shutter now  
[2024-03-19 17:34:36][parsePramaLine 923] parsePramaLine shutter now  
[2024-03-19 17:34:36][parsePramaLine 923] parsePramaLine shutter now  
[2024-03-19 17:34:36][parsePramaLine 923] parsePramaLine shutter now  
[2024-03-19 17:34:37][parsePramaLine 923] parsePramaLine shutter now  
[2024-03-19 17:34:37][parsePramaLine 923] parsePramaLine shutter now  
[2024-03-19 17:34:37][parsePramaLine 923] parsePramaLine shutter now  
[2024-03-19 17:34:37][parsePramaLine 923] parsePramaLine shutter now  
[2024-03-19 17:34:37][parsePramaLine 923] parsePramaLine shutter now  
[2024-03-19 17:34:37][parsePramaLine 923] parsePramaLine shutter now  
[2024-03-19 17:34:37][parsePramaLine 923] parsePramaLine shutter now  
[2024-03-19 17:34:38][parsePramaLine 923] parsePramaLine shutter now  
[2024-03-19 17:34:38][parsePramaLine 923] parsePramaLine shutter now  
[2024-03-19 17:34:38][parsePramaLine 923] parsePramaLine shutter now  
[2024-03-19 17:34:38][parsePramaLine 923] parsePramaLine shutter now  
[2024-03-19 17:34:38][parsePramaLine 923] parsePramaLine shutter now  
[2024-03-19 17:34:38][parsePramaLine 923] parsePramaLine shutter now  
[2024-03-19 17:34:38][parsePramaLine 923] parsePramaLine shutter now  
[2024-03-19 17:34:38][parsePramaLine 923] parsePramaLine shutter now  
[2024-03-19 17:34:38][parsePramaLine 923] parsePramaLine shutter now  
[2024-03-19 17:34:38][parsePramaLine 923] parsePramaLine shutter now  
[2024-03-19 17:34:38][parsePramaLine 923] parsePramaLine shutter now  
[2024-03-19 17:34:38][parsePramaLine 923] parsePramaLine shutter now  
[2024-03-19 17:34:38][parsePramaLine 923] parsePramaLine shutter now  
[2024-03-19 17:34:38][parsePramaLine 923] parsePramaLine shutter now  
[2024-03-19 17:34:38][parsePramaLine 923] parsePramaLine shutter now  
[2024-03-19 17:34:38][parsePramaLine 923] parsePramaLine shutter now  
[2024-03-19 17:34:38][parsePramaLine 923] parsePramaLine shutter now  
[2024-03-19 17:34:38][parsePramaLine 923] parsePramaLine shutter now  
[2024-03-19 17:34:38][parsePramaLine 923] parsePramaLine shutter now  
[2024-03-19 17:34:38][parsePramaLine 923] parsePramaLine shutter now  
[2024-03-19 17:34:38][parsePramaLine 923] parsePramaLine shutter now  
[2024-03-19 17:34:39][parsePramaLine 923] parsePramaLine shutter now  
[2024-03-19 17:34:40][parsePramaLine 923] parsePramaLine shutter now  
[2024-03-19 17:34:40][parsePramaLine 923] parsePramaLine shutter now  
[2024-03-19 17:34:40][parsePramaLine 923] parsePramaLine shutter now  
[2024-03-19 17:34:40][parsePramaLine 923] parsePramaLine shutter now  
[2024-03-19 17:34:40][parsePramaLine 923] parsePramaLine shutter now  
[2024-03-19 17:34:40][parsePramaLine 923] parsePramaLine shutter now  
[2024-03-19 17:34:40][parsePramaLine 923] parsePramaLine shutter now  
[2024-03-19 17:34:40][parsePramaLine 923] parsePramaLine shutter now  
[2024-03-19 17:34:40][parsePramaLine 923] parsePramaLine shutter now  
[2024-03-19 17:34:40][parsePramaLine 923] parsePramaLine shutter now  
[2024-03-19 17:34:40][parsePramaLine 923] parsePramaLine shutter now  
[2024-03-19 17:34:40][parsePramaLine 923] parsePramaLine shutter now  
[2024-03-19 17:34:40][parsePramaLine 923] parsePramaLine shutter now  
[2024-03-19 17:34:40][parsePramaLine 923] parsePramaLine shutter now  
[2024-03-19 17:34:40][parsePramaLine 923] parsePramaLine shutter now  
[2024-03-19 17:34:40][parsePramaLine 923] parsePramaLine shutter now  
[2024-03-19 17:34:40][parsePramaLine 923] parsePramaLine shutter now  
[2024-03-19 17:34:40][parsePramaLine 923] parsePramaLine shutter now  
[2024-03-19 17:34:40][parsePramaLine 923] parsePramaLine shutter now  
[2024-03-19 17:34:40][parsePramaLine 923] parsePramaLine shutter now  
[2024-03-19 17:34:40][parsePramaLine 923] parsePramaLine shutter now  
[2024-03-19 17:34:40][parsePramaLine 923] parsePramaLine shutter now  
[2024-03-19 17:34:40][parsePramaLine 923] parsePramaLine shutter now  
[2024-03-19 17:34:40][parsePramaLine 923] parsePramaLine shutter now  
[2024-03-19 17:34:40][parsePramaLine 923] parsePramaLine shutter now  
[2024-03-19 17:34:40][parsePramaLine 923] parsePramaLine shutter now  
[2024-03-19 17:34:40][parsePramaLine 923] parsePramaLine shutter now  
[2024-03-19 17:34:40][parsePramaLine 923] parsePramaLine shutter now  
[2024-03-19 17:34:40][parsePramaLine 923] parsePramaLine shutter now  
[2024-03-19 17:34:40][parsePramaLine 923] parsePramaLine shutter now  
[2024-03-19 17:34:40][parsePramaLine 923] parsePramaLine shutter now  
[2024-03-19 17:34:40][parsePramaLine 923] parsePramaLine shutter now  
[2024-03-19 17:34:41][parsePramaLine 923] parsePramaLine shutter now  
[2024-03-19 17:34:41][parsePramaLine 923] parsePramaLine shutter now  
[2024-03-19 17:34:41][parsePramaLine 923] parsePramaLine shutter now  
[2024-03-19 17:34:41][parsePramaLine 923] parsePramaLine shutter now  
[2024-03-19 17:34:41][parsePramaLine 923] parsePramaLine shutter now  
[2024-03-19 17:34:41][parsePramaLine 923] parsePramaLine shutter now  
[2024-03-19 17:34:41][parsePramaLine 923] parsePramaLine shutter now  
[2024-03-19 17:34:41][parsePramaLine 923] parsePramaLine shutter now  
[2024-03-19 17:34:41][parsePramaLine 923] parsePramaLine shutter now  
[2024-03-19 17:34:41][parsePramaLine 923] parsePramaLine shutter now  
[2024-03-19 17:34:41][parsePramaLine 923] parsePramaLine shutter now  
[2024-03-19 17:34:41][parsePramaLine 923] parsePramaLine shutter now  
[2024-03-19 17:34:41][parsePramaLine 923] parsePramaLine shutter now  
[2024-03-19 17:34:41][parsePramaLine 923] parsePramaLine shutter now  
[2024-03-19 17:34:42][parsePramaLine 923] parsePramaLine shutter now  
[2024-03-19 17:34:42][parsePramaLine 923] parsePramaLine shutter now  
[2024-03-19 17:34:42][parsePramaLine 923] parsePramaLine shutter now  
[2024-03-19 17:34:42][parsePramaLine 923] parsePramaLine shutter now  
[2024-03-19 17:34:42][parsePramaLine 923] parsePramaLine shutter now  
[2024-03-19 17:34:42][parsePramaLine 923] parsePramaLine shutter now  
[2024-03-19 17:34:42][parsePramaLine 923] parsePramaLine shutter now  
[2024-03-19 17:34:42][parsePramaLine 923] parsePramaLine shutter now  
[2024-03-19 17:34:42][parsePramaLine 923] parsePramaLine shutter now  
[2024-03-19 17:34:42][parsePramaLine 923] parsePramaLine shutter now  
[2024-03-19 17:34:42][parsePramaLine 923] parsePramaLine shutter now  
[2024-03-19 17:34:42][parsePramaLine 923] parsePramaLine shutter now  
[2024-03-19 17:34:42][parsePramaLine 923] parsePramaLine shutter now  
[2024-03-19 17:34:42][parsePramaLine 923] parsePramaLine shutter now  
[2024-03-19 17:34:42][parsePramaLine 923] parsePramaLine shutter now  
[2024-03-19 17:34:42][parsePramaLine 923] parsePramaLine shutter now  
[2024-03-19 17:34:42][parsePramaLine 923] parsePramaLine shutter now  
[2024-03-19 17:34:42][parsePramaLine 923] parsePramaLine shutter now  
[2024-03-19 17:34:42][parsePramaLine 923] parsePramaLine shutter now  
[2024-03-19 17:34:42][parsePramaLine 923] parsePramaLine shutter now  
[2024-03-19 17:34:44][parsePramaLine 923] parsePramaLine shutter now  
[2024-03-19 17:34:44][parsePramaLine 923] parsePramaLine shutter now  
[2024-03-19 17:34:44][parsePramaLine 923] parsePramaLine shutter now  
[2024-03-19 17:34:44][parsePramaLine 923] parsePramaLine shutter now  
[2024-03-19 17:34:44][parsePramaLine 923] parsePramaLine shutter now  
[2024-03-19 17:34:44][parsePramaLine 923] parsePramaLine shutter now  
[2024-03-19 17:34:44][parsePramaLine 923] parsePramaLine shutter now  
[2024-03-19 17:34:44][parsePramaLine 923] parsePramaLine shutter now  
[2024-03-19 17:34:44][parsePramaLine 923] parsePramaLine shutter now  
[2024-03-19 17:34:44][parsePramaLine 923] parsePramaLine shutter now  
[2024-03-19 17:34:44][parsePramaLine 923] parsePramaLine shutter now  
[2024-03-19 17:34:44][parsePramaLine 923] parsePramaLine shutter now  
[2024-03-19 17:34:44][parsePramaLine 923] parsePramaLine shutter now  
[2024-03-19 17:34:44][parsePramaLine 923] parsePramaLine shutter now  
[2024-03-19 17:34:44][parsePramaLine 923] parsePramaLine shutter now  
[2024-03-19 17:34:44][parsePramaLine 923] parsePramaLine shutter now  
[2024-03-19 17:34:44][parsePramaLine 923] parsePramaLine shutter now  
[2024-03-19 17:34:44][parsePramaLine 923] parsePramaLine shutter now  
[2024-03-19 17:34:44][parsePramaLine 923] parsePramaLine shutter now  
[2024-03-19 17:34:44][parsePramaLine 923] parsePramaLine shutter now  
[2024-03-19 17:34:44][parsePramaLine 923] parsePramaLine shutter now  
[2024-03-19 17:34:44][parsePramaLine 923] parsePramaLine shutter now  
[2024-03-19 17:34:44][parsePramaLine 923] parsePramaLine shutter now  
[2024-03-19 17:34:44][parsePramaLine 923] parsePramaLine shutter now  
[2024-03-19 17:34:44][parsePramaLine 923] parsePramaLine shutter now  
[2024-03-19 17:34:44][parsePramaLine 923] parsePramaLine shutter now  
[2024-03-19 17:34:44][parsePramaLine 923] parsePramaLine shutter now  
[2024-03-19 17:34:44][parsePramaLine 923] parsePramaLine shutter now  
[2024-03-19 17:34:44][parsePramaLine 923] parsePramaLine shutter now  
[2024-03-19 17:34:44][parsePramaLine 923] parsePramaLine shutter now  
[2024-03-19 17:34:44][parsePramaLine 923] parsePramaLine shutter now  
[2024-03-19 17:34:46][parsePramaLine 923] parsePramaLine shutter now  
[2024-03-19 17:34:46][parsePramaLine 923] parsePramaLine shutter now  
[2024-03-19 17:34:46][parsePramaLine 923] parsePramaLine shutter now  
[2024-03-19 17:34:46][parsePramaLine 923] parsePramaLine shutter now  
[2024-03-19 17:34:46][parsePramaLine 923] parsePramaLine shutter now  
[2024-03-19 17:34:46][parsePramaLine 923] parsePramaLine shutter now  
[2024-03-19 17:34:46][parsePramaLine 923] parsePramaLine shutter now  
[2024-03-19 17:34:46][parsePramaLine 923] parsePramaLine shutter now  
[2024-03-19 17:34:46][parsePramaLine 923] parsePramaLine shutter now  
[2024-03-19 17:34:46][parsePramaLine 923] parsePramaLine shutter now  
[2024-03-19 17:34:46][parsePramaLine 923] parsePramaLine shutter now  
[2024-03-19 17:34:46][parsePramaLine 923] parsePramaLine shutter now  
[2024-03-19 17:34:46][parsePramaLine 923] parsePramaLine shutter now  
[2024-03-19 17:34:46][parsePramaLine 923] parsePramaLine shutter now  
[2024-03-19 17:34:46][parsePramaLine 923] parsePramaLine shutter now  
[2024-03-19 17:34:46][parsePramaLine 923] parsePramaLine shutter now  
[2024-03-19 17:34:46][parsePramaLine 923] parsePramaLine shutter now  
[2024-03-19 17:34:46][parsePramaLine 923] parsePramaLine shutter now  
[2024-03-19 17:34:46][parsePramaLine 923] parsePramaLine shutter now  
[2024-03-19 17:34:46][parsePramaLine 923] parsePramaLine shutter now  
[2024-03-19 17:34:46][parsePramaLine 923] parsePramaLine shutter now  
[2024-03-19 17:34:46][parsePramaLine 923] parsePramaLine shutter now  
[2024-03-19 17:34:46][parsePramaLine 923] parsePramaLine shutter now  
[2024-03-19 17:34:46][parsePramaLine 923] parsePramaLine shutter now  
[2024-03-19 17:34:46][parsePramaLine 923] parsePramaLine shutter now  
[2024-03-19 17:34:47][parsePramaLine 923] parsePramaLine shutter now  
[2024-03-19 17:34:47][parsePramaLine 923] parsePramaLine shutter now  
[2024-03-19 17:34:47][parsePramaLine 923] parsePramaLine shutter now  
[2024-03-19 17:34:47][parsePramaLine 923] parsePramaLine shutter now  
[2024-03-19 17:34:47][parsePramaLine 923] parsePramaLine shutter now  
[2024-03-19 17:34:47][parsePramaLine 923] parsePramaLine shutter now  
[2024-03-19 17:34:47][parsePramaLine 923] parsePramaLine shutter now  
[2024-03-19 17:34:47][parsePramaLine 923] parsePramaLine shutter now  
[2024-03-19 17:34:48][parsePramaLine 923] parsePramaLine shutter now  
[2024-03-19 17:34:48][parsePramaLine 923] parsePramaLine shutter now  
[2024-03-19 17:34:48][parsePramaLine 923] parsePramaLine shutter now  
[2024-03-19 17:34:48][parsePramaLine 923] parsePramaLine shutter now  
[2024-03-19 17:34:48][parsePramaLine 923] parsePramaLine shutter now  
[2024-03-19 17:34:48][parsePramaLine 923] parsePramaLine shutter now  
[2024-03-19 17:34:48][parsePramaLine 923] parsePramaLine shutter now  
[2024-03-19 17:34:48][parsePramaLine 923] parsePramaLine shutter now  
[2024-03-19 17:34:48][parsePramaLine 923] parsePramaLine shutter now  
[2024-03-19 17:34:48][parsePramaLine 923] parsePramaLine shutter now  
[2024-03-19 17:34:48][parsePramaLine 923] parsePramaLine shutter now  
[2024-03-19 17:34:48][parsePramaLine 923] parsePramaLine shutter now  
[2024-03-19 17:34:48][parsePramaLine 923] parsePramaLine shutter now  
[2024-03-19 17:34:48][parsePramaLine 923] parsePramaLine shutter now  
[2024-03-19 17:34:48][parsePramaLine 923] parsePramaLine shutter now  
[2024-03-19 17:34:48][parsePramaLine 923] parsePramaLine shutter now  
[2024-03-19 17:34:48][parsePramaLine 923] parsePramaLine shutter now  
[2024-03-19 17:34:49][parsePramaLine 923] parsePramaLine shutter now  
[2024-03-19 17:34:49][parsePramaLine 923] parsePramaLine shutter now  
[2024-03-19 17:34:49][parsePramaLine 923] parsePramaLine shutter now  
[2024-03-19 17:34:49][parsePramaLine 923] parsePramaLine shutter now  
[2024-03-19 17:34:49][parsePramaLine 923] parsePramaLine shutter now  
[2024-03-19 17:34:49][parsePramaLine 923] parsePramaLine shutter now  
[2024-03-19 17:34:49][parsePramaLine 923] parsePramaLine shutter now  
[2024-03-19 17:34:49][parsePramaLine 923] parsePramaLine shutter now  
[2024-03-19 17:34:49][parsePramaLine 923] parsePramaLine shutter now  
[2024-03-19 17:34:49][parsePramaLine 923] parsePramaLine shutter now  
[2024-03-19 17:34:49][parsePramaLine 923] parsePramaLine shutter now  
[2024-03-19 17:34:49][parsePramaLine 923] parsePramaLine shutter now  
[2024-03-19 17:34:49][parsePramaLine 923] parsePramaLine shutter now  
[2024-03-19 17:34:49][parsePramaLine 923] parsePramaLine shutter now  
[2024-03-19 17:34:50][parsePramaLine 923] parsePramaLine shutter now  
[2024-03-19 17:34:50][parsePramaLine 923] parsePramaLine shutter now  
[2024-03-19 17:34:50][parsePramaLine 923] parsePramaLine shutter now  
[2024-03-19 17:34:50][parsePramaLine 923] parsePramaLine shutter now  
[2024-03-19 17:34:50][parsePramaLine 923] parsePramaLine shutter now  
[2024-03-19 17:34:50][parsePramaLine 923] parsePramaLine shutter now  
[2024-03-19 17:34:50][parsePramaLine 923] parsePramaLine shutter now  
[2024-03-19 17:34:50][parsePramaLine 923] parsePramaLine shutter now  
[2024-03-19 17:34:50][parsePramaLine 923] parsePramaLine shutter now  
[2024-03-19 17:34:50][parsePramaLine 923] parsePramaLine shutter now  
[2024-03-19 17:34:50][parsePramaLine 923] parsePramaLine shutter now  
[2024-03-19 17:34:50][parsePramaLine 923] parsePramaLine shutter now  
[2024-03-19 17:34:50][parsePramaLine 923] parsePramaLine shutter now  
[2024-03-19 17:34:50][parsePramaLine 923] parsePramaLine shutter now  
[2024-03-19 17:34:50][parsePramaLine 923] parsePramaLine shutter now  
[2024-03-19 17:34:50][parsePramaLine 923] parsePramaLine shutter now  
[2024-03-19 17:34:50][parsePramaLine 923] parsePramaLine shutter now  
[2024-03-19 17:34:50][parsePramaLine 923] parsePramaLine shutter now  
[2024-03-19 17:34:50][parsePramaLine 923] parsePramaLine shutter now  
[2024-03-19 17:34:50][parsePramaLine 923] parsePramaLine shutter now  
[2024-03-19 17:34:51][parsePramaLine 923] parsePramaLine shutter now  
[2024-03-19 17:34:51][parsePramaLine 923] parsePramaLine shutter now  
[2024-03-19 17:34:51][parsePramaLine 923] parsePramaLine shutter now  
[2024-03-19 17:34:51][parsePramaLine 923] parsePramaLine shutter now  
[2024-03-19 17:34:51][parsePramaLine 923] parsePramaLine shutter now  
[2024-03-19 17:34:51][parsePramaLine 923] parsePramaLine shutter now  
[2024-03-19 17:34:51][parsePramaLine 923] parsePramaLine shutter now  
[2024-03-19 17:34:51][parsePramaLine 923] parsePramaLine shutter now  
[2024-03-19 17:34:51][parsePramaLine 923] parsePramaLine shutter now  
[2024-03-19 17:34:52][parsePramaLine 923] parsePramaLine shutter now  
[2024-03-19 17:34:52][parsePramaLine 923] parsePramaLine shutter now  
[2024-03-19 17:34:52][parsePramaLine 923] parsePramaLine shutter now  
[2024-03-19 17:34:52][parsePramaLine 923] parsePramaLine shutter now  
[2024-03-19 17:34:52][parsePramaLine 923] parsePramaLine shutter now  
[2024-03-19 17:34:52][parsePramaLine 923] parsePramaLine shutter now  
[2024-03-19 17:34:52][parsePramaLine 923] parsePramaLine shutter now  
[2024-03-19 17:34:52][parsePramaLine 923] parsePramaLine shutter now  
[2024-03-19 17:34:52][parsePramaLine 923] parsePramaLine shutter now  
[2024-03-19 17:34:52][parsePramaLine 923] parsePramaLine shutter now  
[2024-03-19 17:34:52][parsePramaLine 923] parsePramaLine shutter now  
[2024-03-19 17:34:52][parsePramaLine 923] parsePramaLine shutter now  
[2024-03-19 17:34:52][parsePramaLine 923] parsePramaLine shutter now  
[2024-03-19 17:34:52][parsePramaLine 923] parsePramaLine shutter now  
[2024-03-19 17:34:52][parsePramaLine 923] parsePramaLine shutter now  
[2024-03-19 17:34:52][parsePramaLine 923] parsePramaLine shutter now  
[2024-03-19 17:34:52][parsePramaLine 923] parsePramaLine shutter now  
[2024-03-19 17:34:52][parsePramaLine 923] parsePramaLine shutter now  
[2024-03-19 17:34:52][parsePramaLine 923] parsePramaLine shutter now  
[2024-03-19 17:34:52][parsePramaLine 923] parsePramaLine shutter now  
[2024-03-19 17:34:52][parsePramaLine 923] parsePramaLine shutter now  
[2024-03-19 17:34:52][parsePramaLine 923] parsePramaLine shutter now  
[2024-03-19 17:34:52][parsePramaLine 923] parsePramaLine shutter now  
[2024-03-19 17:34:52][parsePramaLine 923] parsePramaLine shutter now  
[2024-03-19 17:34:52][parsePramaLine 923] parsePramaLine shutter now  
[2024-03-19 17:34:52][parsePramaLine 923] parsePramaLine shutter now  
[2024-03-19 17:34:52][parsePramaLine 923] parsePramaLine shutter now  
[2024-03-19 17:34:52][parsePramaLine 923] parsePramaLine shutter now  
[2024-03-19 17:34:53][parsePramaLine 923] parsePramaLine shutter now  
[2024-03-19 17:34:53][parsePramaLine 923] parsePramaLine shutter now  
[2024-03-19 17:34:53][parsePramaLine 923] parsePramaLine shutter now  
[2024-03-19 17:34:54][parsePramaLine 923] parsePramaLine shutter now  
[2024-03-19 17:34:54][parsePramaLine 923] parsePramaLine shutter now  
[2024-03-19 17:34:54][parsePramaLine 923] parsePramaLine shutter now  
[2024-03-19 17:34:54][parsePramaLine 923] parsePramaLine shutter now  
[2024-03-19 17:34:54][parsePramaLine 923] parsePramaLine shutter now  
[2024-03-19 17:34:54][parsePramaLine 923] parsePramaLine shutter now  
[2024-03-19 17:34:54][parsePramaLine 923] parsePramaLine shutter now  
[2024-03-19 17:34:54][parsePramaLine 923] parsePramaLine shutter now  
[2024-03-19 17:34:54][parsePramaLine 923] parsePramaLine shutter now  
[2024-03-19 17:34:54][parsePramaLine 923] parsePramaLine shutter now  
[2024-03-19 17:34:54][parsePramaLine 923] parsePramaLine shutter now  
[2024-03-19 17:34:54][parsePramaLine 923] parsePramaLine shutter now  
[2024-03-19 17:34:54][parsePramaLine 923] parsePramaLine shutter now  
[2024-03-19 17:34:54][parsePramaLine 923] parsePramaLine shutter now  
[2024-03-19 17:34:54][parsePramaLine 923] parsePramaLine shutter now  
[2024-03-19 17:34:54][parsePramaLine 923] parsePramaLine shutter now  
[2024-03-19 17:34:54][parsePramaLine 923] parsePramaLine shutter now  
[2024-03-19 17:34:54][parsePramaLine 923] parsePramaLine shutter now  
[2024-03-19 17:34:54][parsePramaLine 923] parsePramaLine shutter now  
[2024-03-19 17:34:54][parsePramaLine 923] parsePramaLine shutter now  
[2024-03-19 17:34:54][parsePramaLine 923] parsePramaLine shutter now  
[2024-03-19 17:34:54][parsePramaLine 923] parsePramaLine shutter now  
[2024-03-19 17:34:54][parsePramaLine 923] parsePramaLine shutter now  
[2024-03-19 17:34:54][parsePramaLine 923] parsePramaLine shutter now  
[2024-03-19 17:34:54][parsePramaLine 923] parsePramaLine shutter now  
[2024-03-19 17:34:54][parsePramaLine 923] parsePramaLine shutter now  
[2024-03-19 17:34:54][parsePramaLine 923] parsePramaLine shutter now  
[2024-03-19 17:34:54][parsePramaLine 923] parsePramaLine shutter now  
[2024-03-19 17:34:54][parsePramaLine 923] parsePramaLine shutter now  
[2024-03-19 17:34:54][parsePramaLine 923] parsePramaLine shutter now  
[2024-03-19 17:34:54][parsePramaLine 923] parsePramaLine shutter now  
[2024-03-19 17:34:54][parsePramaLine 923] parsePramaLine shutter now  
[2024-03-19 17:34:54][parsePramaLine 923] parsePramaLine shutter now  
[2024-03-19 17:34:56][processHeartbeat 392] send heartbeat  
[2024-03-19 17:34:56][SGP_Logout 50] SGP_Logout in  
[2024-03-19 17:34:56][threadHandle 284] reconvert data again  
[2024-03-19 17:34:56][processY16 609] processY16 end  
[2024-03-19 17:34:56][processHeartbeat 412] processHeartbeat end  
[2024-03-19 17:34:56][processControl 1289] processControl end  
[2024-03-19 17:34:56][threadHandleControl 1198] threadHandleControl reacquireY16 start  
[2024-03-19 17:34:56][reacquireY16 1170] reacquireY16() in  
[2024-03-19 17:34:56][reacquireY16 1176] Try to get y16 data again  
[2024-03-19 17:34:56][stopGetY16Data 1043] stopGetY16Data() in  
[2024-03-19 17:34:56][stopGetY16Data 1062] stopGetY16Data() out  
[2024-03-19 17:34:57][startRequestY16 1024] startRequestY16() in  
[2024-03-19 17:34:57][startRequestY16 1037] startRequestY16() out  
[2024-03-19 17:34:57][reacquireY16 1186] reacquireY16() out  
[2024-03-19 17:34:57][SGP_Logout 58] SGP_Logout out  
[2024-03-19 17:34:57][SGP_UnInitDevice 23] SGP_UnInitDevice in  
[2024-03-19 17:34:58][SGP_UnInitDevice 30] SGP_UnInitDevice out  
[2024-03-21 18:56:32][SGP_InitDevice 17] SGP_InitDevice out  
[2024-03-21 18:56:35][SGP_Login 35] SGP_Login in  
[2024-03-21 18:56:35][start 973] SGP_Login WsClient start   80  
[2024-03-21 18:56:35][threadHandleControl 1193] threadHandleControl login start  
[2024-03-21 18:56:35][login 670] send login  
[2024-03-21 18:56:35][processControl 1235] processControl start  
[2024-03-21 18:56:35][recv_message 149] login success retcode =  0  , token =  b3bfd5a61dd511b28201aed4d4b337c0  
[2024-03-21 18:56:35][SGP_Login 43] SGP_Login out  
[2024-03-21 18:56:35][processHeartbeat 373] processHeartbeat start  
[2024-03-21 18:56:35][SGP_GetGeneralInfo 64] SGP_GetGeneralInfo in  
[2024-03-21 18:56:35][SGP_GetGeneralInfo 72] SGP_GetGeneralInfo out  
[2024-03-21 18:56:35][SGP_OpenIrVideo 92] SGP_OpenIrVideo in  
[2024-03-21 18:56:35][SGP_OpenIrVideo 100] SGP_OpenIrVideo out  
[2024-03-21 18:56:40][loadItaConf 171] IptTempMeasureITA loadItaConf in  
[2024-03-21 18:56:40][loadCurveDatas 180] IptTempMeasureITA loadCurveDatas in  
[2024-03-21 18:56:40][registerITA 270] IptTempMeasureITA registerITA in  
[2024-03-21 18:56:40][readConfig 25] IptTempMeasureITA readConfig in  
[2024-03-21 18:56:40][getItaConf 334] IptTempMeasureITA getItaConf in m_pItaConfDataLength  108  
[2024-03-21 18:56:40][readPackageData 6] IptTempMeasureITA readPackageData in  0  512  
[2024-03-21 18:56:40][readPackageData 6] IptTempMeasureITA readPackageData in  1616  14  
[2024-03-21 18:56:40][readPackageData 6] IptTempMeasureITA readPackageData in  1630  18400  
[2024-03-21 18:56:41][getY16 6099] m_measureManager->startMeausre  
[2024-03-21 18:56:41][startRequestY16 1024] startRequestY16() in  
[2024-03-21 18:56:41][getParamLine 1124] ws is waiting for paraline  
[2024-03-21 18:56:41][initWsY16 777] initWsY16() in  
[2024-03-21 18:56:41][initWsY16 789] initWsY16() successfully and out  
[2024-03-21 18:56:41][startGetY16 711] startGetY16() in  
[2024-03-21 18:56:41][startGetY16 743] startGetY16() out  
[2024-03-21 18:56:41][processY16 464] processY16 start  
[2024-03-21 18:56:41][getParamLine 1124] ws is waiting for paraline  
[2024-03-21 18:56:41][getParamLine 1124] ws is waiting for paraline  
[2024-03-21 18:56:41][getParamLine 1124] ws is waiting for paraline  
[2024-03-21 18:56:41][getParamLine 1124] ws is waiting for paraline  
[2024-03-21 18:56:41][getParamLine 1124] ws is waiting for paraline  
[2024-03-21 18:56:41][getParamLine 1124] ws is waiting for paraline  
[2024-03-21 18:56:41][getParamLine 1124] ws is waiting for paraline  
[2024-03-21 18:56:42][getParamLine 1124] ws is waiting for paraline  
[2024-03-21 18:56:42][getParamLine 1124] ws is waiting for paraline  
[2024-03-21 18:56:42][getParamLine 1124] ws is waiting for paraline  
[2024-03-21 18:56:42][getParamLine 1124] ws is waiting for paraline  
[2024-03-21 18:56:42][getParamLine 1124] ws is waiting for paraline  
[2024-03-21 18:56:42][getParamLine 1124] ws is waiting for paraline  
[2024-03-21 18:56:42][getParamLine 1124] ws is waiting for paraline  
[2024-03-21 18:56:42][readPackageData 6] IptTempMeasureITA readPackageData in  29230  18400  
[2024-03-21 18:56:52][SGP_Logout 50] SGP_Logout in  
[2024-03-21 18:56:53][threadHandle 284] reconvert data again  
[2024-03-21 18:56:53][processY16 609] processY16 end  
[2024-03-21 18:56:53][processControl 1289] processControl end  
[2024-03-21 18:56:53][threadHandleControl 1198] threadHandleControl reacquireY16 start  
[2024-03-21 18:56:53][reacquireY16 1170] reacquireY16() in  
[2024-03-21 18:56:53][reacquireY16 1176] Try to get y16 data again  
[2024-03-21 18:56:53][stopGetY16Data 1043] stopGetY16Data() in  
[2024-03-21 18:56:53][stopGetY16Data 1062] stopGetY16Data() out  
[2024-03-21 18:56:53][processHeartbeat 412] processHeartbeat end  
[2024-03-21 18:56:53][startRequestY16 1024] startRequestY16() in  
[2024-03-21 18:56:53][startRequestY16 1037] startRequestY16() out  
[2024-03-21 18:56:53][reacquireY16 1186] reacquireY16() out  
[2024-03-21 18:56:54][SGP_Logout 58] SGP_Logout out  
[2024-03-21 18:56:54][SGP_UnInitDevice 23] SGP_UnInitDevice in  
[2024-03-21 18:56:55][SGP_UnInitDevice 30] SGP_UnInitDevice out  
[2024-03-22 09:55:43][SGP_InitDevice 17] SGP_InitDevice out  
[2024-03-22 09:55:46][SGP_Login 35] SGP_Login in  
[2024-03-22 09:55:46][start 973] SGP_Login WsClient start   80  
[2024-03-22 09:55:46][threadHandleControl 1193] threadHandleControl login start  
[2024-03-22 09:55:46][login 670] send login  
[2024-03-22 09:55:46][processControl 1235] processControl start  
[2024-03-22 09:55:46][recv_message 149] login success retcode =  0  , token =  5054aa9a1e5311b29b7baed4d4b337c0  
[2024-03-22 09:55:46][SGP_Login 43] SGP_Login out  
[2024-03-22 09:55:46][processHeartbeat 373] processHeartbeat start  
[2024-03-22 09:55:46][SGP_GetGeneralInfo 64] SGP_GetGeneralInfo in  
[2024-03-22 09:55:46][SGP_GetGeneralInfo 72] SGP_GetGeneralInfo out  
[2024-03-22 09:55:46][SGP_OpenIrVideo 92] SGP_OpenIrVideo in  
[2024-03-22 09:55:46][SGP_OpenIrVideo 100] SGP_OpenIrVideo out  
[2024-03-22 09:55:57][SGP_Logout 50] SGP_Logout in  
[2024-03-22 09:55:57][threadHandle 284] reconvert data again  
[2024-03-22 09:55:57][processHeartbeat 412] processHeartbeat end  
[2024-03-22 09:55:57][processControl 1289] processControl end  
[2024-03-22 09:55:58][SGP_Logout 58] SGP_Logout out  
[2024-03-22 09:55:58][SGP_UnInitDevice 23] SGP_UnInitDevice in  
[2024-03-22 09:55:59][SGP_UnInitDevice 30] SGP_UnInitDevice out  
[2024-04-10 18:03:31][SGP_InitDevice 17] SGP_InitDevice out  
[2024-04-10 18:03:31][SGP_Login 35] SGP_Login in  
[2024-04-10 18:03:31][start 973] SGP_Login WsClient start   80  
[2024-04-10 18:03:31][threadHandleControl 1193] threadHandleControl login start  
[2024-04-10 18:03:31][login 670] send login  
[2024-04-10 18:03:31][processControl 1235] processControl start  
[2024-04-10 18:03:31][recv_message 149] login success retcode =  0  , token =  95522a4ef72111ee8331f81d7874261a  
[2024-04-10 18:03:31][SGP_Login 43] SGP_Login out  
[2024-04-10 18:03:31][SGP_GetGeneralInfo 64] SGP_GetGeneralInfo in  
[2024-04-10 18:03:31][processHeartbeat 373] processHeartbeat start  
[2024-04-10 18:03:31][SGP_GetGeneralInfo 72] SGP_GetGeneralInfo out  
[2024-04-10 18:03:31][SGP_SetColorBar 611] SGP_SetColorBar in  
[2024-04-10 18:03:31][SGP_SetColorBar 619] SGP_SetColorBar out  
[2024-04-10 18:03:31][SGP_OpenIrVideo 92] SGP_OpenIrVideo in  
[2024-04-10 18:03:31][SGP_OpenIrVideo 100] SGP_OpenIrVideo out  
[2024-04-10 18:03:32][loadItaConf 171] IptTempMeasureITA loadItaConf in  
[2024-04-10 18:03:32][loadCurveDatas 180] IptTempMeasureITA loadCurveDatas in  
[2024-04-10 18:03:32][registerITA 270] IptTempMeasureITA registerITA in  
[2024-04-10 18:03:32][readConfig 25] IptTempMeasureITA readConfig in  
[2024-04-10 18:03:32][getItaConf 334] IptTempMeasureITA getItaConf in m_pItaConfDataLength  108  
[2024-04-10 18:03:32][readPackageData 6] IptTempMeasureITA readPackageData in  0  512  
[2024-04-10 18:03:32][readPackageData 6] IptTempMeasureITA readPackageData in  1616  14  
[2024-04-10 18:03:32][readPackageData 6] IptTempMeasureITA readPackageData in  1630  18400  
[2024-04-10 18:03:32][getY16 6099] m_measureManager->startMeausre  
[2024-04-10 18:03:32][startRequestY16 1024] startRequestY16() in  
[2024-04-10 18:03:32][getParamLine 1124] ws is waiting for paraline  
[2024-04-10 18:03:32][initWsY16 777] initWsY16() in  
[2024-04-10 18:03:32][initWsY16 789] initWsY16() successfully and out  
[2024-04-10 18:03:32][startGetY16 711] startGetY16() in  
[2024-04-10 18:03:32][startGetY16 743] startGetY16() out  
[2024-04-10 18:03:32][processY16 464] processY16 start  
[2024-04-10 18:03:32][getParamLine 1124] ws is waiting for paraline  
[2024-04-10 18:03:32][getParamLine 1124] ws is waiting for paraline  
[2024-04-10 18:03:32][getParamLine 1124] ws is waiting for paraline  
[2024-04-10 18:03:32][getParamLine 1124] ws is waiting for paraline  
[2024-04-10 18:03:32][getParamLine 1124] ws is waiting for paraline  
[2024-04-10 18:03:32][getParamLine 1124] ws is waiting for paraline  
[2024-04-10 18:03:32][getParamLine 1124] ws is waiting for paraline  
[2024-04-10 18:03:32][getParamLine 1124] ws is waiting for paraline  
[2024-04-10 18:03:32][getParamLine 1124] ws is waiting for paraline  
[2024-04-10 18:03:33][getParamLine 1124] ws is waiting for paraline  
[2024-04-10 18:03:33][getParamLine 1124] ws is waiting for paraline  
[2024-04-10 18:03:33][getParamLine 1124] ws is waiting for paraline  
